TN:KeyLimePieTest
SF:/home/jihwan/KeyLimePie/ossavltree/find.cc
FN:34,_ZN11Int_AVLtree4FindEi
FNDA:132,_ZN11Int_AVLtree4FindEi
DA:34,132
DA:36,132
DA:37,132
DA:38,132
end_of_record
SF:/home/jihwan/KeyLimePie/ossavltree/data_structure.h
FN:69,_ZN11Int_AVLtree7getRootEv
FNDA:0,_ZN11Int_AVLtree7getRootEv
DA:69,0
end_of_record
SF:/usr/include/c++/11/iostream
end_of_record
TN:KeyLimePieTest
SF:/home/jihwan/KeyLimePie/ossavltree/insert.cc
FN:34,_ZN11Int_AVLtree6InsertEi
FNDA:17691,_ZN11Int_AVLtree6InsertEi
DA:34,17691
DA:36,17691
DA:37,17691
DA:38,17691
DA:40,519
DA:41,519
DA:42,519
DA:45,17172
DA:46,17172
DA:47,17172
DA:49,93219
DA:51,76050
DA:52,76050
DA:54,159
DA:55,159
DA:57,75891
DA:59,75888
DA:60,75888
DA:62,3
DA:64,3
DA:68,17169
DA:70,17169
DA:72,96
DA:74,17073
DA:76,17073
DA:80,0
DA:82,17169
DA:83,17169
DA:84,17169
DA:85,17169
DA:86,17169
end_of_record
SF:/usr/include/c++/11/iostream
end_of_record
SF:/home/jihwan/KeyLimePie/ossavltree/node.h
FN:47,_ZN8Int_Node7getKey_Ev
FNDA:0,_ZN8Int_Node7getKey_Ev
FN:58,_ZN16Int_AVLtree_Node13setLeft_childEPS_
FNDA:0,_ZN16Int_AVLtree_Node13setLeft_childEPS_
FN:59,_ZN16Int_AVLtree_Node13getLeft_childEv
FNDA:0,_ZN16Int_AVLtree_Node13getLeft_childEv
FN:60,_ZN16Int_AVLtree_Node14setRight_childEPS_
FNDA:0,_ZN16Int_AVLtree_Node14setRight_childEPS_
FN:61,_ZN16Int_AVLtree_Node14getRight_childEv
FNDA:0,_ZN16Int_AVLtree_Node14getRight_childEv
FN:62,_ZN16Int_AVLtree_Node14setParent_nodeEPS_
FNDA:0,_ZN16Int_AVLtree_Node14setParent_nodeEPS_
DA:47,0
DA:58,0
DA:59,0
DA:60,0
DA:61,0
DA:62,0
end_of_record
SF:/home/jihwan/KeyLimePie/ossavltree/data_structure.h
FN:69,_ZN11Int_AVLtree7getRootEv
FNDA:0,_ZN11Int_AVLtree7getRootEv
FN:70,_ZN11Int_AVLtree7setRootEP16Int_AVLtree_Node
FNDA:0,_ZN11Int_AVLtree7setRootEP16Int_AVLtree_Node
FN:71,_ZN11Int_AVLtree11getNode_numEv
FNDA:0,_ZN11Int_AVLtree11getNode_numEv
FN:72,_ZN11Int_AVLtree11setNode_numEi
FNDA:17805,_ZN11Int_AVLtree11setNode_numEi
DA:69,0
DA:70,0
DA:71,0
DA:72,17805
end_of_record
TN:KeyLimePieTest
SF:/home/jihwan/KeyLimePie/ossavltree/data_structure.h
FN:69,_ZN11Int_AVLtree7getRootEv
FNDA:269748,_ZN11Int_AVLtree7getRootEv
FN:70,_ZN11Int_AVLtree7setRootEP16Int_AVLtree_Node
FNDA:2382,_ZN11Int_AVLtree7setRootEP16Int_AVLtree_Node
FN:71,_ZN11Int_AVLtree11getNode_numEv
FNDA:35514,_ZN11Int_AVLtree11getNode_numEv
DA:69,269748
DA:70,2382
DA:71,35514
end_of_record
SF:/home/jihwan/KeyLimePie/ossavltree/data_structure.cc
FN:34,_ZN11Int_AVLtreeC2Ev
FNDA:531,_ZN11Int_AVLtreeC2Ev
FN:36,_ZN11Int_AVLtree16getBalanceFactorEP16Int_AVLtree_Node
FNDA:78021,_ZN11Int_AVLtree16getBalanceFactorEP16Int_AVLtree_Node
FN:55,_ZN11Int_AVLtree8getDepthEP16Int_AVLtree_Node
FNDA:18303,_ZN11Int_AVLtree8getDepthEP16Int_AVLtree_Node
FN:72,_ZN11Int_AVLtree7getRankEP16Int_AVLtree_Nodei
FNDA:540,_ZN11Int_AVLtree7getRankEP16Int_AVLtree_Nodei
FN:104,_ZN11Int_AVLtree21UpdateLeftSubtreeSizeEP16Int_AVLtree_Nodei
FNDA:93687,_ZN11Int_AVLtree21UpdateLeftSubtreeSizeEP16Int_AVLtree_Nodei
FN:120,_ZN11Int_AVLtree6SearchEP16Int_AVLtree_Nodei
FNDA:618,_ZN11Int_AVLtree6SearchEP16Int_AVLtree_Nodei
FN:140,_ZN11Int_AVLtree9setHeightEP16Int_AVLtree_Node
FNDA:185484,_ZN11Int_AVLtree9setHeightEP16Int_AVLtree_Node
FN:166,_ZN11Int_AVLtree7BalanceEP16Int_AVLtree_Nodeb
FNDA:65880,_ZN11Int_AVLtree7BalanceEP16Int_AVLtree_Nodeb
FN:213,_ZN11Int_AVLtree11RightRotateEP16Int_AVLtree_Node
FNDA:30,_ZN11Int_AVLtree11RightRotateEP16Int_AVLtree_Node
FN:246,_ZN11Int_AVLtree10LeftRotateEP16Int_AVLtree_Node
FNDA:14721,_ZN11Int_AVLtree10LeftRotateEP16Int_AVLtree_Node
FN:278,_ZN11Int_AVLtree7MinimumEi
FNDA:117,_ZN11Int_AVLtree7MinimumEi
FN:290,_ZN11Int_AVLtree7MaximumEi
FNDA:123,_ZN11Int_AVLtree7MaximumEi
FN:303,_ZN11Int_AVLtree5EmptyEv
FNDA:6,_ZN11Int_AVLtree5EmptyEv
FN:315,_ZN11Int_AVLtree4SizeEv
FNDA:12,_ZN11Int_AVLtree4SizeEv
FN:320,_ZN10ds_creator9Create_DsEv
FNDA:531,_ZN10ds_creator9Create_DsEv
FN:325,_ZN22AVLtree_Int_ds_creator6Get_DsEv
FNDA:531,_ZN22AVLtree_Int_ds_creator6Get_DsEv
DA:34,531
DA:36,78021
DA:38,78021
DA:40,0
DA:42,78021
DA:43,78021
DA:45,27246
DA:47,78021
DA:49,60681
DA:51,78021
DA:52,78021
DA:55,18303
DA:57,18303
DA:59,3
DA:62,18300
DA:63,81744
DA:65,63444
DA:66,63444
DA:69,18300
DA:72,540
DA:74,540
DA:76,126
DA:78,414
DA:80,189
DA:82,0
DA:85,189
DA:89,225
DA:91,0
DA:95,225
DA:96,225
DA:97,0
DA:99,225
DA:104,93687
DA:106,93687
DA:108,17286
DA:112,76401
DA:114,336
DA:116,76401
DA:120,618
DA:122,2529
DA:124,2523
DA:126,612
DA:128,1911
DA:130,876
DA:134,1035
DA:137,6
DA:140,185484
DA:142,185484
DA:144,32037
DA:146,153447
DA:148,25509
DA:152,127938
DA:153,127938
DA:155,102597
DA:157,127938
DA:159,127779
DA:161,127938
DA:163,153447
DA:166,65880
DA:168,65880
DA:170,2583
DA:172,63297
DA:174,63297
DA:176,48573
DA:178,14724
DA:180,15
DA:182,3
DA:186,12
DA:187,12
DA:189,15
DA:191,6
DA:194,14709
DA:196,14709
DA:198,15
DA:199,15
DA:203,14694
DA:205,14709
DA:207,14697
DA:210,21
DA:213,30
DA:215,30
DA:216,30
DA:218,30
DA:219,30
DA:221,30
DA:223,9
DA:224,9
DA:226,21
DA:228,6
DA:232,15
DA:234,30
DA:235,30
DA:236,30
DA:238,0
DA:241,30
DA:242,30
DA:243,30
DA:246,14721
DA:248,14721
DA:249,14721
DA:251,14721
DA:252,14721
DA:254,14721
DA:256,1848
DA:257,1848
DA:259,12873
DA:261,18
DA:265,12855
DA:267,14721
DA:268,14721
DA:269,14721
DA:271,6429
DA:273,14721
DA:274,14721
DA:275,14721
DA:278,117
DA:280,117
DA:281,213
DA:283,96
DA:285,117
DA:287,117
DA:290,123
DA:292,123
DA:293,123
DA:294,228
DA:296,105
DA:298,123
DA:300,123
DA:303,6
DA:305,6
DA:307,3
DA:311,3
DA:315,12
DA:317,12
DA:320,531
DA:322,531
DA:325,531
DA:327,531
end_of_record
SF:/usr/include/c++/11/bits/stl_pair.h
FN:352,_ZNSt4pairIiiEC2IiRiLb1EEEOT_OT0_
FNDA:240,_ZNSt4pairIiiEC2IiRiLb1EEEOT_OT0_
FN:567,_ZSt9make_pairIiRiESt4pairINSt25__strip_reference_wrapperINSt5decayIT_E4typeEE6__typeENS2_INS3_IT0_E4typeEE6__typeEEOS4_OS9_
FNDA:240,_ZSt9make_pairIiRiESt4pairINSt25__strip_reference_wrapperINSt5decayIT_E4typeEE6__typeENS2_INS3_IT0_E4typeEE6__typeEEOS4_OS9_
DA:352,240
DA:353,240
DA:567,240
DA:572,240
end_of_record
SF:/usr/include/c++/11/iostream
end_of_record
SF:/usr/include/c++/11/bits/move.h
FN:77,_ZSt7forwardIRiEOT_RNSt16remove_referenceIS1_E4typeE
FNDA:732,_ZSt7forwardIRiEOT_RNSt16remove_referenceIS1_E4typeE
FN:77,_ZSt7forwardIiEOT_RNSt16remove_referenceIS0_E4typeE
FNDA:6756,_ZSt7forwardIiEOT_RNSt16remove_referenceIS0_E4typeE
DA:77,732
DA:78,732
DA:77,6756
DA:78,6756
end_of_record
SF:/usr/include/c++/11/bits/stl_algobase.h
FN:254,_ZSt3maxIiERKT_S2_S2_
FNDA:127938,_ZSt3maxIiERKT_S2_S2_
DA:254,127938
DA:259,127938
DA:260,94338
DA:261,33600
end_of_record
SF:/home/jihwan/KeyLimePie/ossavltree/node.h
FN:47,_ZN8Int_Node7getKey_Ev
FNDA:157611,_ZN8Int_Node7getKey_Ev
FN:58,_ZN16Int_AVLtree_Node13setLeft_childEPS_
FNDA:14937,_ZN16Int_AVLtree_Node13setLeft_childEPS_
FN:59,_ZN16Int_AVLtree_Node13getLeft_childEv
FNDA:595509,_ZN16Int_AVLtree_Node13getLeft_childEv
FN:60,_ZN16Int_AVLtree_Node14setRight_childEPS_
FNDA:44739,_ZN16Int_AVLtree_Node14setRight_childEPS_
FN:61,_ZN16Int_AVLtree_Node14getRight_childEv
FNDA:552663,_ZN16Int_AVLtree_Node14getRight_childEv
FN:62,_ZN16Int_AVLtree_Node14setParent_nodeEPS_
FNDA:54978,_ZN16Int_AVLtree_Node14setParent_nodeEPS_
FN:63,_ZN16Int_AVLtree_Node14getParent_nodeEv
FNDA:474522,_ZN16Int_AVLtree_Node14getParent_nodeEv
FN:64,_ZN16Int_AVLtree_Node20setLeft_subtree_sizeEi
FNDA:15087,_ZN16Int_AVLtree_Node20setLeft_subtree_sizeEi
FN:65,_ZN16Int_AVLtree_Node20getLeft_subtree_sizeEv
FNDA:30189,_ZN16Int_AVLtree_Node20getLeft_subtree_sizeEv
FN:66,_ZN16Int_AVLtree_Node9setHeightEi
FNDA:153447,_ZN16Int_AVLtree_Node9setHeightEi
FN:67,_ZN16Int_AVLtree_Node9getHeightEv
FNDA:318303,_ZN16Int_AVLtree_Node9getHeightEv
DA:47,157611
DA:58,14937
DA:59,595509
DA:60,44739
DA:61,552663
DA:62,54978
DA:63,474522
DA:64,15087
DA:65,30189
DA:66,153447
DA:67,318303
end_of_record
TN:KeyLimePieTest
SF:/usr/include/c++/11/bits/unique_ptr.h
FN:79,_ZNKSt14default_deleteIN7testing8internal22ParamIteratorInterfaceISt5tupleIJiiiEEEEEclEPS5_
FNDA:360,_ZNKSt14default_deleteIN7testing8internal22ParamIteratorInterfaceISt5tupleIJiiiEEEEEclEPS5_
FN:79,_ZNKSt14default_deleteIN7testing8internal22ParamIteratorInterfaceISt5tupleIJiiEEEEEclEPS5_
FNDA:144,_ZNKSt14default_deleteIN7testing8internal22ParamIteratorInterfaceISt5tupleIJiiEEEEEclEPS5_
FN:79,_ZNKSt14default_deleteIN7testing8internal19TestMetaFactoryBaseISt5tupleIJiiiEEEEEclEPS5_
FNDA:9,_ZNKSt14default_deleteIN7testing8internal19TestMetaFactoryBaseISt5tupleIJiiiEEEEEclEPS5_
FN:79,_ZNKSt14default_deleteIKSt5tupleIJiiiEEEclEPS2_
FNDA:342,_ZNKSt14default_deleteIKSt5tupleIJiiiEEEclEPS2_
FN:79,_ZNKSt14default_deleteIKSt5tupleIJiiEEEclEPS2_
FNDA:126,_ZNKSt14default_deleteIKSt5tupleIJiiEEEclEPS2_
FN:79,_ZNKSt14default_deleteIN7testing8internal19TestMetaFactoryBaseISt5tupleIJiiEEEEEclEPS5_
FNDA:9,_ZNKSt14default_deleteIN7testing8internal19TestMetaFactoryBaseISt5tupleIJiiEEEEEclEPS5_
FN:79,_ZNKSt14default_deleteINSt7__cxx1118basic_stringstreamIcSt11char_traitsIcESaIcEEEEclEPS5_
FNDA:936,_ZNKSt14default_deleteINSt7__cxx1118basic_stringstreamIcSt11char_traitsIcESaIcEEEEclEPS5_
FN:79,_ZNKSt14default_deleteINSt7__cxx1112basic_stringIcSt11char_traitsIcESaIcEEEEclEPS5_
FNDA:0,_ZNKSt14default_deleteINSt7__cxx1112basic_stringIcSt11char_traitsIcESaIcEEEEclEPS5_
FN:154,_ZNSt15__uniq_ptr_implIKSt5tupleIJiiEESt14default_deleteIS2_EEC2Ev
FNDA:144,_ZNSt15__uniq_ptr_implIKSt5tupleIJiiEESt14default_deleteIS2_EEC2Ev
FN:154,_ZNSt15__uniq_ptr_implIKSt5tupleIJiiiEESt14default_deleteIS2_EEC2Ev
FNDA:360,_ZNSt15__uniq_ptr_implIKSt5tupleIJiiiEESt14default_deleteIS2_EEC2Ev
FN:155,_ZNSt15__uniq_ptr_implIN7testing8internal19TestMetaFactoryBaseISt5tupleIJiiiEEEESt14default_deleteIS5_EEC2EPS5_
FNDA:9,_ZNSt15__uniq_ptr_implIN7testing8internal19TestMetaFactoryBaseISt5tupleIJiiiEEEESt14default_deleteIS5_EEC2EPS5_
FN:155,_ZNSt15__uniq_ptr_implIN7testing8internal19TestMetaFactoryBaseISt5tupleIJiiEEEESt14default_deleteIS5_EEC2EPS5_
FNDA:9,_ZNSt15__uniq_ptr_implIN7testing8internal19TestMetaFactoryBaseISt5tupleIJiiEEEESt14default_deleteIS5_EEC2EPS5_
FN:155,_ZNSt15__uniq_ptr_implIN7testing8internal22ParamIteratorInterfaceISt5tupleIJiiiEEEESt14default_deleteIS5_EEC2EPS5_
FNDA:360,_ZNSt15__uniq_ptr_implIN7testing8internal22ParamIteratorInterfaceISt5tupleIJiiiEEEESt14default_deleteIS5_EEC2EPS5_
FN:155,_ZNSt15__uniq_ptr_implIN7testing8internal22ParamIteratorInterfaceISt5tupleIJiiEEEESt14default_deleteIS5_EEC2EPS5_
FNDA:144,_ZNSt15__uniq_ptr_implIN7testing8internal22ParamIteratorInterfaceISt5tupleIJiiEEEESt14default_deleteIS5_EEC2EPS5_
FN:172,_ZNSt15__uniq_ptr_implIN7testing8internal22ParamIteratorInterfaceISt5tupleIJiiEEEESt14default_deleteIS5_EE6_M_ptrEv
FNDA:288,_ZNSt15__uniq_ptr_implIN7testing8internal22ParamIteratorInterfaceISt5tupleIJiiEEEESt14default_deleteIS5_EE6_M_ptrEv
FN:172,_ZNSt15__uniq_ptr_implIN7testing8internal22ParamIteratorInterfaceISt5tupleIJiiiEEEESt14default_deleteIS5_EE6_M_ptrEv
FNDA:720,_ZNSt15__uniq_ptr_implIN7testing8internal22ParamIteratorInterfaceISt5tupleIJiiiEEEESt14default_deleteIS5_EE6_M_ptrEv
FN:172,_ZNSt15__uniq_ptr_implIKSt5tupleIJiiiEESt14default_deleteIS2_EE6_M_ptrEv
FNDA:1728,_ZNSt15__uniq_ptr_implIKSt5tupleIJiiiEESt14default_deleteIS2_EE6_M_ptrEv
FN:172,_ZNSt15__uniq_ptr_implIN7testing8internal19TestMetaFactoryBaseISt5tupleIJiiEEEESt14default_deleteIS5_EE6_M_ptrEv
FNDA:18,_ZNSt15__uniq_ptr_implIN7testing8internal19TestMetaFactoryBaseISt5tupleIJiiEEEESt14default_deleteIS5_EE6_M_ptrEv
FN:172,_ZNSt15__uniq_ptr_implIKSt5tupleIJiiEESt14default_deleteIS2_EE6_M_ptrEv
FNDA:648,_ZNSt15__uniq_ptr_implIKSt5tupleIJiiEESt14default_deleteIS2_EE6_M_ptrEv
FN:172,_ZNSt15__uniq_ptr_implIN7testing8internal19TestMetaFactoryBaseISt5tupleIJiiiEEEESt14default_deleteIS5_EE6_M_ptrEv
FNDA:18,_ZNSt15__uniq_ptr_implIN7testing8internal19TestMetaFactoryBaseISt5tupleIJiiiEEEESt14default_deleteIS5_EE6_M_ptrEv
FN:172,_ZNSt15__uniq_ptr_implINSt7__cxx1118basic_stringstreamIcSt11char_traitsIcESaIcEEESt14default_deleteIS5_EE6_M_ptrEv
FNDA:936,_ZNSt15__uniq_ptr_implINSt7__cxx1118basic_stringstreamIcSt11char_traitsIcESaIcEEESt14default_deleteIS5_EE6_M_ptrEv
FN:172,_ZNSt15__uniq_ptr_implINSt7__cxx1112basic_stringIcSt11char_traitsIcESaIcEEESt14default_deleteIS5_EE6_M_ptrEv
FNDA:1140,_ZNSt15__uniq_ptr_implINSt7__cxx1112basic_stringIcSt11char_traitsIcESaIcEEESt14default_deleteIS5_EE6_M_ptrEv
FN:173,_ZNKSt15__uniq_ptr_implIN7testing8internal22ParamIteratorInterfaceISt5tupleIJiiEEEESt14default_deleteIS5_EE6_M_ptrEv
FNDA:1044,_ZNKSt15__uniq_ptr_implIN7testing8internal22ParamIteratorInterfaceISt5tupleIJiiEEEESt14default_deleteIS5_EE6_M_ptrEv
FN:173,_ZNKSt15__uniq_ptr_implIN7testing8internal22ParamIteratorInterfaceISt5tupleIJiiiEEEESt14default_deleteIS5_EE6_M_ptrEv
FNDA:2772,_ZNKSt15__uniq_ptr_implIN7testing8internal22ParamIteratorInterfaceISt5tupleIJiiiEEEESt14default_deleteIS5_EE6_M_ptrEv
FN:173,_ZNKSt15__uniq_ptr_implINSt7__cxx1118basic_stringstreamIcSt11char_traitsIcESaIcEEESt14default_deleteIS5_EE6_M_ptrEv
FNDA:1872,_ZNKSt15__uniq_ptr_implINSt7__cxx1118basic_stringstreamIcSt11char_traitsIcESaIcEEESt14default_deleteIS5_EE6_M_ptrEv
FN:173,_ZNKSt15__uniq_ptr_implIN7testing8internal19TestMetaFactoryBaseISt5tupleIJiiEEEESt14default_deleteIS5_EE6_M_ptrEv
FNDA:126,_ZNKSt15__uniq_ptr_implIN7testing8internal19TestMetaFactoryBaseISt5tupleIJiiEEEESt14default_deleteIS5_EE6_M_ptrEv
FN:173,_ZNKSt15__uniq_ptr_implIKSt5tupleIJiiiEESt14default_deleteIS2_EE6_M_ptrEv
FNDA:2052,_ZNKSt15__uniq_ptr_implIKSt5tupleIJiiiEESt14default_deleteIS2_EE6_M_ptrEv
FN:173,_ZNKSt15__uniq_ptr_implIKSt5tupleIJiiEESt14default_deleteIS2_EE6_M_ptrEv
FNDA:756,_ZNKSt15__uniq_ptr_implIKSt5tupleIJiiEESt14default_deleteIS2_EE6_M_ptrEv
FN:173,_ZNKSt15__uniq_ptr_implINSt7__cxx1112basic_stringIcSt11char_traitsIcESaIcEEESt14default_deleteIS5_EE6_M_ptrEv
FNDA:0,_ZNKSt15__uniq_ptr_implINSt7__cxx1112basic_stringIcSt11char_traitsIcESaIcEEESt14default_deleteIS5_EE6_M_ptrEv
FN:173,_ZNKSt15__uniq_ptr_implIN7testing8internal19TestMetaFactoryBaseISt5tupleIJiiiEEEESt14default_deleteIS5_EE6_M_ptrEv
FNDA:342,_ZNKSt15__uniq_ptr_implIN7testing8internal19TestMetaFactoryBaseISt5tupleIJiiiEEEESt14default_deleteIS5_EE6_M_ptrEv
FN:174,_ZNSt15__uniq_ptr_implIN7testing8internal19TestMetaFactoryBaseISt5tupleIJiiiEEEESt14default_deleteIS5_EE10_M_deleterEv
FNDA:9,_ZNSt15__uniq_ptr_implIN7testing8internal19TestMetaFactoryBaseISt5tupleIJiiiEEEESt14default_deleteIS5_EE10_M_deleterEv
FN:174,_ZNSt15__uniq_ptr_implIN7testing8internal19TestMetaFactoryBaseISt5tupleIJiiEEEESt14default_deleteIS5_EE10_M_deleterEv
FNDA:9,_ZNSt15__uniq_ptr_implIN7testing8internal19TestMetaFactoryBaseISt5tupleIJiiEEEESt14default_deleteIS5_EE10_M_deleterEv
FN:174,_ZNSt15__uniq_ptr_implINSt7__cxx1112basic_stringIcSt11char_traitsIcESaIcEEESt14default_deleteIS5_EE10_M_deleterEv
FNDA:0,_ZNSt15__uniq_ptr_implINSt7__cxx1112basic_stringIcSt11char_traitsIcESaIcEEESt14default_deleteIS5_EE10_M_deleterEv
FN:174,_ZNSt15__uniq_ptr_implIN7testing8internal22ParamIteratorInterfaceISt5tupleIJiiEEEESt14default_deleteIS5_EE10_M_deleterEv
FNDA:144,_ZNSt15__uniq_ptr_implIN7testing8internal22ParamIteratorInterfaceISt5tupleIJiiEEEESt14default_deleteIS5_EE10_M_deleterEv
FN:174,_ZNSt15__uniq_ptr_implINSt7__cxx1118basic_stringstreamIcSt11char_traitsIcESaIcEEESt14default_deleteIS5_EE10_M_deleterEv
FNDA:936,_ZNSt15__uniq_ptr_implINSt7__cxx1118basic_stringstreamIcSt11char_traitsIcESaIcEEESt14default_deleteIS5_EE10_M_deleterEv
FN:174,_ZNSt15__uniq_ptr_implIN7testing8internal22ParamIteratorInterfaceISt5tupleIJiiiEEEESt14default_deleteIS5_EE10_M_deleterEv
FNDA:360,_ZNSt15__uniq_ptr_implIN7testing8internal22ParamIteratorInterfaceISt5tupleIJiiiEEEESt14default_deleteIS5_EE10_M_deleterEv
FN:174,_ZNSt15__uniq_ptr_implIKSt5tupleIJiiiEESt14default_deleteIS2_EE10_M_deleterEv
FNDA:342,_ZNSt15__uniq_ptr_implIKSt5tupleIJiiiEESt14default_deleteIS2_EE10_M_deleterEv
FN:174,_ZNSt15__uniq_ptr_implIKSt5tupleIJiiEESt14default_deleteIS2_EE10_M_deleterEv
FNDA:126,_ZNSt15__uniq_ptr_implIKSt5tupleIJiiEESt14default_deleteIS2_EE10_M_deleterEv
FN:177,_ZNSt15__uniq_ptr_implIKSt5tupleIJiiiEESt14default_deleteIS2_EE5resetEPS2_
FNDA:684,_ZNSt15__uniq_ptr_implIKSt5tupleIJiiiEESt14default_deleteIS2_EE5resetEPS2_
FN:177,_ZNSt15__uniq_ptr_implIKSt5tupleIJiiEESt14default_deleteIS2_EE5resetEPS2_
FNDA:252,_ZNSt15__uniq_ptr_implIKSt5tupleIJiiEESt14default_deleteIS2_EE5resetEPS2_
FN:269,_ZNSt10unique_ptrIKSt5tupleIJiiEESt14default_deleteIS2_EEC2IS4_vEEv
FNDA:144,_ZNSt10unique_ptrIKSt5tupleIJiiEESt14default_deleteIS2_EEC2IS4_vEEv
FN:269,_ZNSt10unique_ptrIKSt5tupleIJiiiEESt14default_deleteIS2_EEC2IS4_vEEv
FNDA:360,_ZNSt10unique_ptrIKSt5tupleIJiiiEESt14default_deleteIS2_EEC2IS4_vEEv
FN:281,_ZNSt10unique_ptrIN7testing8internal19TestMetaFactoryBaseISt5tupleIJiiiEEEESt14default_deleteIS5_EEC2IS7_vEEPS5_
FNDA:9,_ZNSt10unique_ptrIN7testing8internal19TestMetaFactoryBaseISt5tupleIJiiiEEEESt14default_deleteIS5_EEC2IS7_vEEPS5_
FN:281,_ZNSt10unique_ptrIN7testing8internal22ParamIteratorInterfaceISt5tupleIJiiEEEESt14default_deleteIS5_EEC2IS7_vEEPS5_
FNDA:144,_ZNSt10unique_ptrIN7testing8internal22ParamIteratorInterfaceISt5tupleIJiiEEEESt14default_deleteIS5_EEC2IS7_vEEPS5_
FN:281,_ZNSt10unique_ptrIN7testing8internal22ParamIteratorInterfaceISt5tupleIJiiiEEEESt14default_deleteIS5_EEC2IS7_vEEPS5_
FNDA:360,_ZNSt10unique_ptrIN7testing8internal22ParamIteratorInterfaceISt5tupleIJiiiEEEESt14default_deleteIS5_EEC2IS7_vEEPS5_
FN:281,_ZNSt10unique_ptrIN7testing8internal19TestMetaFactoryBaseISt5tupleIJiiEEEESt14default_deleteIS5_EEC2IS7_vEEPS5_
FNDA:9,_ZNSt10unique_ptrIN7testing8internal19TestMetaFactoryBaseISt5tupleIJiiEEEESt14default_deleteIS5_EEC2IS7_vEEPS5_
FN:355,_ZNSt10unique_ptrINSt7__cxx1118basic_stringstreamIcSt11char_traitsIcESaIcEEESt14default_deleteIS5_EED2Ev
FNDA:936,_ZNSt10unique_ptrINSt7__cxx1118basic_stringstreamIcSt11char_traitsIcESaIcEEESt14default_deleteIS5_EED2Ev
FN:355,_ZNSt10unique_ptrINSt7__cxx1112basic_stringIcSt11char_traitsIcESaIcEEESt14default_deleteIS5_EED2Ev
FNDA:1140,_ZNSt10unique_ptrINSt7__cxx1112basic_stringIcSt11char_traitsIcESaIcEEESt14default_deleteIS5_EED2Ev
FN:355,_ZNSt10unique_ptrIN7testing8internal19TestMetaFactoryBaseISt5tupleIJiiiEEEESt14default_deleteIS5_EED2Ev
FNDA:9,_ZNSt10unique_ptrIN7testing8internal19TestMetaFactoryBaseISt5tupleIJiiiEEEESt14default_deleteIS5_EED2Ev
FN:355,_ZNSt10unique_ptrIN7testing8internal19TestMetaFactoryBaseISt5tupleIJiiEEEESt14default_deleteIS5_EED2Ev
FNDA:9,_ZNSt10unique_ptrIN7testing8internal19TestMetaFactoryBaseISt5tupleIJiiEEEESt14default_deleteIS5_EED2Ev
FN:355,_ZNSt10unique_ptrIN7testing8internal22ParamIteratorInterfaceISt5tupleIJiiiEEEESt14default_deleteIS5_EED2Ev
FNDA:360,_ZNSt10unique_ptrIN7testing8internal22ParamIteratorInterfaceISt5tupleIJiiiEEEESt14default_deleteIS5_EED2Ev
FN:355,_ZNSt10unique_ptrIN7testing8internal22ParamIteratorInterfaceISt5tupleIJiiEEEESt14default_deleteIS5_EED2Ev
FNDA:144,_ZNSt10unique_ptrIN7testing8internal22ParamIteratorInterfaceISt5tupleIJiiEEEESt14default_deleteIS5_EED2Ev
FN:355,_ZNSt10unique_ptrIKSt5tupleIJiiiEESt14default_deleteIS2_EED2Ev
FNDA:360,_ZNSt10unique_ptrIKSt5tupleIJiiiEESt14default_deleteIS2_EED2Ev
FN:355,_ZNSt10unique_ptrIKSt5tupleIJiiEESt14default_deleteIS2_EED2Ev
FNDA:144,_ZNSt10unique_ptrIKSt5tupleIJiiEESt14default_deleteIS2_EED2Ev
FN:405,_ZNKSt10unique_ptrIN7testing8internal22ParamIteratorInterfaceISt5tupleIJiiEEEESt14default_deleteIS5_EEdeEv
FNDA:135,_ZNKSt10unique_ptrIN7testing8internal22ParamIteratorInterfaceISt5tupleIJiiEEEESt14default_deleteIS5_EEdeEv
FN:405,_ZNKSt10unique_ptrIN7testing8internal22ParamIteratorInterfaceISt5tupleIJiiiEEEESt14default_deleteIS5_EEdeEv
FNDA:351,_ZNKSt10unique_ptrIN7testing8internal22ParamIteratorInterfaceISt5tupleIJiiiEEEESt14default_deleteIS5_EEdeEv
FN:405,_ZNKSt10unique_ptrINSt7__cxx1118basic_stringstreamIcSt11char_traitsIcESaIcEEESt14default_deleteIS5_EEdeEv
FNDA:1872,_ZNKSt10unique_ptrINSt7__cxx1118basic_stringstreamIcSt11char_traitsIcESaIcEEESt14default_deleteIS5_EEdeEv
FN:413,_ZNKSt10unique_ptrIN7testing8internal19TestMetaFactoryBaseISt5tupleIJiiEEEESt14default_deleteIS5_EEptEv
FNDA:126,_ZNKSt10unique_ptrIN7testing8internal19TestMetaFactoryBaseISt5tupleIJiiEEEESt14default_deleteIS5_EEptEv
FN:413,_ZNKSt10unique_ptrIN7testing8internal22ParamIteratorInterfaceISt5tupleIJiiiEEEESt14default_deleteIS5_EEptEv
FNDA:1719,_ZNKSt10unique_ptrIN7testing8internal22ParamIteratorInterfaceISt5tupleIJiiiEEEESt14default_deleteIS5_EEptEv
FN:413,_ZNKSt10unique_ptrINSt7__cxx1112basic_stringIcSt11char_traitsIcESaIcEEESt14default_deleteIS5_EEptEv
FNDA:0,_ZNKSt10unique_ptrINSt7__cxx1112basic_stringIcSt11char_traitsIcESaIcEEESt14default_deleteIS5_EEptEv
FN:413,_ZNKSt10unique_ptrIN7testing8internal22ParamIteratorInterfaceISt5tupleIJiiEEEESt14default_deleteIS5_EEptEv
FNDA:639,_ZNKSt10unique_ptrIN7testing8internal22ParamIteratorInterfaceISt5tupleIJiiEEEESt14default_deleteIS5_EEptEv
FN:413,_ZNKSt10unique_ptrIN7testing8internal19TestMetaFactoryBaseISt5tupleIJiiiEEEESt14default_deleteIS5_EEptEv
FNDA:342,_ZNKSt10unique_ptrIN7testing8internal19TestMetaFactoryBaseISt5tupleIJiiiEEEESt14default_deleteIS5_EEptEv
FN:421,_ZNKSt10unique_ptrIKSt5tupleIJiiEESt14default_deleteIS2_EE3getEv
FNDA:756,_ZNKSt10unique_ptrIKSt5tupleIJiiEESt14default_deleteIS2_EE3getEv
FN:421,_ZNKSt10unique_ptrINSt7__cxx1112basic_stringIcSt11char_traitsIcESaIcEEESt14default_deleteIS5_EE3getEv
FNDA:0,_ZNKSt10unique_ptrINSt7__cxx1112basic_stringIcSt11char_traitsIcESaIcEEESt14default_deleteIS5_EE3getEv
FN:421,_ZNKSt10unique_ptrINSt7__cxx1118basic_stringstreamIcSt11char_traitsIcESaIcEEESt14default_deleteIS5_EE3getEv
FNDA:1872,_ZNKSt10unique_ptrINSt7__cxx1118basic_stringstreamIcSt11char_traitsIcESaIcEEESt14default_deleteIS5_EE3getEv
FN:421,_ZNKSt10unique_ptrIN7testing8internal22ParamIteratorInterfaceISt5tupleIJiiiEEEESt14default_deleteIS5_EE3getEv
FNDA:2772,_ZNKSt10unique_ptrIN7testing8internal22ParamIteratorInterfaceISt5tupleIJiiiEEEESt14default_deleteIS5_EE3getEv
FN:421,_ZNKSt10unique_ptrIKSt5tupleIJiiiEESt14default_deleteIS2_EE3getEv
FNDA:2052,_ZNKSt10unique_ptrIKSt5tupleIJiiiEESt14default_deleteIS2_EE3getEv
FN:421,_ZNKSt10unique_ptrIN7testing8internal22ParamIteratorInterfaceISt5tupleIJiiEEEESt14default_deleteIS5_EE3getEv
FNDA:1044,_ZNKSt10unique_ptrIN7testing8internal22ParamIteratorInterfaceISt5tupleIJiiEEEESt14default_deleteIS5_EE3getEv
FN:421,_ZNKSt10unique_ptrIN7testing8internal19TestMetaFactoryBaseISt5tupleIJiiiEEEESt14default_deleteIS5_EE3getEv
FNDA:342,_ZNKSt10unique_ptrIN7testing8internal19TestMetaFactoryBaseISt5tupleIJiiiEEEESt14default_deleteIS5_EE3getEv
FN:421,_ZNKSt10unique_ptrIN7testing8internal19TestMetaFactoryBaseISt5tupleIJiiEEEESt14default_deleteIS5_EE3getEv
FNDA:126,_ZNKSt10unique_ptrIN7testing8internal19TestMetaFactoryBaseISt5tupleIJiiEEEESt14default_deleteIS5_EE3getEv
FN:426,_ZNSt10unique_ptrINSt7__cxx1112basic_stringIcSt11char_traitsIcESaIcEEESt14default_deleteIS5_EE11get_deleterEv
FNDA:0,_ZNSt10unique_ptrINSt7__cxx1112basic_stringIcSt11char_traitsIcESaIcEEESt14default_deleteIS5_EE11get_deleterEv
FN:426,_ZNSt10unique_ptrIKSt5tupleIJiiEESt14default_deleteIS2_EE11get_deleterEv
FNDA:0,_ZNSt10unique_ptrIKSt5tupleIJiiEESt14default_deleteIS2_EE11get_deleterEv
FN:426,_ZNSt10unique_ptrIKSt5tupleIJiiiEESt14default_deleteIS2_EE11get_deleterEv
FNDA:0,_ZNSt10unique_ptrIKSt5tupleIJiiiEESt14default_deleteIS2_EE11get_deleterEv
FN:426,_ZNSt10unique_ptrINSt7__cxx1118basic_stringstreamIcSt11char_traitsIcESaIcEEESt14default_deleteIS5_EE11get_deleterEv
FNDA:936,_ZNSt10unique_ptrINSt7__cxx1118basic_stringstreamIcSt11char_traitsIcESaIcEEESt14default_deleteIS5_EE11get_deleterEv
FN:426,_ZNSt10unique_ptrIN7testing8internal22ParamIteratorInterfaceISt5tupleIJiiiEEEESt14default_deleteIS5_EE11get_deleterEv
FNDA:360,_ZNSt10unique_ptrIN7testing8internal22ParamIteratorInterfaceISt5tupleIJiiiEEEESt14default_deleteIS5_EE11get_deleterEv
FN:426,_ZNSt10unique_ptrIN7testing8internal22ParamIteratorInterfaceISt5tupleIJiiEEEESt14default_deleteIS5_EE11get_deleterEv
FNDA:144,_ZNSt10unique_ptrIN7testing8internal22ParamIteratorInterfaceISt5tupleIJiiEEEESt14default_deleteIS5_EE11get_deleterEv
FN:426,_ZNSt10unique_ptrIN7testing8internal19TestMetaFactoryBaseISt5tupleIJiiEEEESt14default_deleteIS5_EE11get_deleterEv
FNDA:9,_ZNSt10unique_ptrIN7testing8internal19TestMetaFactoryBaseISt5tupleIJiiEEEESt14default_deleteIS5_EE11get_deleterEv
FN:426,_ZNSt10unique_ptrIN7testing8internal19TestMetaFactoryBaseISt5tupleIJiiiEEEESt14default_deleteIS5_EE11get_deleterEv
FNDA:9,_ZNSt10unique_ptrIN7testing8internal19TestMetaFactoryBaseISt5tupleIJiiiEEEESt14default_deleteIS5_EE11get_deleterEv
FN:452,_ZNSt10unique_ptrIKSt5tupleIJiiEESt14default_deleteIS2_EE5resetEPS2_
FNDA:252,_ZNSt10unique_ptrIKSt5tupleIJiiEESt14default_deleteIS2_EE5resetEPS2_
FN:452,_ZNSt10unique_ptrIKSt5tupleIJiiiEESt14default_deleteIS2_EE5resetEPS2_
FNDA:684,_ZNSt10unique_ptrIKSt5tupleIJiiiEESt14default_deleteIS2_EE5resetEPS2_
DA:79,126
DA:85,126
DA:86,126
DA:79,342
DA:85,342
DA:86,342
DA:79,360
DA:85,360
DA:86,360
DA:79,144
DA:85,144
DA:86,144
DA:79,9
DA:85,9
DA:86,9
DA:79,9
DA:85,9
DA:86,9
DA:79,0
DA:85,0
DA:86,0
DA:79,936
DA:85,936
DA:86,936
DA:154,144
DA:154,360
DA:155,360
DA:155,144
DA:155,9
DA:155,9
DA:172,648
DA:172,1728
DA:172,720
DA:172,288
DA:172,18
DA:172,18
DA:172,1140
DA:172,936
DA:173,2052
DA:173,756
DA:173,2772
DA:173,1044
DA:173,342
DA:173,126
DA:173,1872
DA:173,0
DA:174,126
DA:174,342
DA:174,360
DA:174,144
DA:174,9
DA:174,9
DA:174,0
DA:174,936
DA:177,684
DA:179,684
DA:180,684
DA:181,684
DA:182,342
DA:183,684
DA:177,252
DA:179,252
DA:180,252
DA:181,252
DA:182,126
DA:183,252
DA:269,144
DA:270,144
DA:271,144
DA:269,360
DA:270,360
DA:271,360
DA:281,360
DA:282,360
DA:283,360
DA:281,144
DA:282,144
DA:283,144
DA:281,9
DA:282,9
DA:283,9
DA:281,9
DA:282,9
DA:283,9
DA:355,144
DA:359,144
DA:360,144
DA:361,0
DA:362,144
DA:363,144
DA:355,360
DA:359,360
DA:360,360
DA:361,0
DA:362,360
DA:363,360
DA:355,360
DA:359,360
DA:360,360
DA:361,360
DA:362,360
DA:363,360
DA:355,144
DA:359,144
DA:360,144
DA:361,144
DA:362,144
DA:363,144
DA:355,9
DA:359,9
DA:360,9
DA:361,9
DA:362,9
DA:363,9
DA:355,9
DA:359,9
DA:360,9
DA:361,9
DA:362,9
DA:363,9
DA:355,1140
DA:359,1140
DA:360,1140
DA:361,0
DA:362,1140
DA:363,1140
DA:355,936
DA:359,936
DA:360,936
DA:361,936
DA:362,936
DA:363,936
DA:405,351
DA:407,351
DA:408,351
DA:405,135
DA:407,135
DA:408,135
DA:405,1872
DA:407,1872
DA:408,1872
DA:413,1719
DA:416,1719
DA:413,639
DA:416,639
DA:413,342
DA:416,342
DA:413,126
DA:416,126
DA:413,0
DA:416,0
DA:421,2052
DA:422,2052
DA:421,756
DA:422,756
DA:421,2772
DA:422,2772
DA:421,1044
DA:422,1044
DA:421,342
DA:422,342
DA:421,126
DA:422,126
DA:421,1872
DA:422,1872
DA:421,0
DA:422,0
DA:426,0
DA:427,0
DA:426,0
DA:427,0
DA:426,360
DA:427,360
DA:426,144
DA:427,144
DA:426,9
DA:427,9
DA:426,9
DA:427,9
DA:426,0
DA:427,0
DA:426,936
DA:427,936
DA:452,684
DA:456,684
DA:457,684
DA:452,252
DA:456,252
DA:457,252
end_of_record
SF:/usr/include/c++/11/bits/alloc_traits.h
FN:463,_ZNSt16allocator_traitsISaISt13_Rb_tree_nodeINSt7__cxx1112basic_stringIcSt11char_traitsIcESaIcEEEEEE8allocateERS8_m
FNDA:468,_ZNSt16allocator_traitsISaISt13_Rb_tree_nodeINSt7__cxx1112basic_stringIcSt11char_traitsIcESaIcEEEEEE8allocateERS8_m
FN:463,_ZNSt16allocator_traitsISaIN7testing8internal26ParameterizedTestSuiteInfoI21RXRotateInsertFixtureE17InstantiationInfoEEE8allocateERS6_m
FNDA:3,_ZNSt16allocator_traitsISaIN7testing8internal26ParameterizedTestSuiteInfoI21RXRotateInsertFixtureE17InstantiationInfoEEE8allocateERS6_m
FN:463,_ZNSt16allocator_traitsISaISt5tupleIJiiiEEEE8allocateERS2_m
FNDA:18,_ZNSt16allocator_traitsISaISt5tupleIJiiiEEEE8allocateERS2_m
FN:463,_ZNSt16allocator_traitsISaIN7testing8internal26ParameterizedTestSuiteInfoI14MinimumFixtureE17InstantiationInfoEEE8allocateERS6_m
FNDA:3,_ZNSt16allocator_traitsISaIN7testing8internal26ParameterizedTestSuiteInfoI14MinimumFixtureE17InstantiationInfoEEE8allocateERS6_m
FN:463,_ZNSt16allocator_traitsISaIN7testing8internal26ParameterizedTestSuiteInfoI14MaximumFixtureE17InstantiationInfoEEE8allocateERS6_m
FNDA:3,_ZNSt16allocator_traitsISaIN7testing8internal26ParameterizedTestSuiteInfoI14MaximumFixtureE17InstantiationInfoEEE8allocateERS6_m
FN:463,_ZNSt16allocator_traitsISaIN7testing8internal26ParameterizedTestSuiteInfoI11RankFixtureE17InstantiationInfoEEE8allocateERS6_m
FNDA:3,_ZNSt16allocator_traitsISaIN7testing8internal26ParameterizedTestSuiteInfoI11RankFixtureE17InstantiationInfoEEE8allocateERS6_m
FN:463,_ZNSt16allocator_traitsISaIN7testing8internal26ParameterizedTestSuiteInfoI11FindFixtureE17InstantiationInfoEEE8allocateERS6_m
FNDA:3,_ZNSt16allocator_traitsISaIN7testing8internal26ParameterizedTestSuiteInfoI11FindFixtureE17InstantiationInfoEEE8allocateERS6_m
FN:463,_ZNSt16allocator_traitsISaISt10shared_ptrIN7testing8internal26ParameterizedTestSuiteInfoI21LXRotateInsertFixtureE8TestInfoEEEE8allocateERS8_m
FNDA:3,_ZNSt16allocator_traitsISaISt10shared_ptrIN7testing8internal26ParameterizedTestSuiteInfoI21LXRotateInsertFixtureE8TestInfoEEEE8allocateERS8_m
FN:463,_ZNSt16allocator_traitsISaISt10shared_ptrIN7testing8internal26ParameterizedTestSuiteInfoI21RXRotateInsertFixtureE8TestInfoEEEE8allocateERS8_m
FNDA:3,_ZNSt16allocator_traitsISaISt10shared_ptrIN7testing8internal26ParameterizedTestSuiteInfoI21RXRotateInsertFixtureE8TestInfoEEEE8allocateERS8_m
FN:463,_ZNSt16allocator_traitsISaISt10shared_ptrIN7testing8internal26ParameterizedTestSuiteInfoI14MinimumFixtureE8TestInfoEEEE8allocateERS8_m
FNDA:3,_ZNSt16allocator_traitsISaISt10shared_ptrIN7testing8internal26ParameterizedTestSuiteInfoI14MinimumFixtureE8TestInfoEEEE8allocateERS8_m
FN:463,_ZNSt16allocator_traitsISaISt10shared_ptrIN7testing8internal26ParameterizedTestSuiteInfoI14MaximumFixtureE8TestInfoEEEE8allocateERS8_m
FNDA:3,_ZNSt16allocator_traitsISaISt10shared_ptrIN7testing8internal26ParameterizedTestSuiteInfoI14MaximumFixtureE8TestInfoEEEE8allocateERS8_m
FN:463,_ZNSt16allocator_traitsISaISt10shared_ptrIN7testing8internal26ParameterizedTestSuiteInfoI11RankFixtureE8TestInfoEEEE8allocateERS8_m
FNDA:3,_ZNSt16allocator_traitsISaISt10shared_ptrIN7testing8internal26ParameterizedTestSuiteInfoI11RankFixtureE8TestInfoEEEE8allocateERS8_m
FN:463,_ZNSt16allocator_traitsISaISt10shared_ptrIN7testing8internal26ParameterizedTestSuiteInfoI11FindFixtureE8TestInfoEEEE8allocateERS8_m
FNDA:3,_ZNSt16allocator_traitsISaISt10shared_ptrIN7testing8internal26ParameterizedTestSuiteInfoI11FindFixtureE8TestInfoEEEE8allocateERS8_m
FN:463,_ZNSt16allocator_traitsISaIN7testing8internal26ParameterizedTestSuiteInfoI21LXRotateInsertFixtureE17InstantiationInfoEEE8allocateERS6_m
FNDA:3,_ZNSt16allocator_traitsISaIN7testing8internal26ParameterizedTestSuiteInfoI21LXRotateInsertFixtureE17InstantiationInfoEEE8allocateERS6_m
FN:463,_ZNSt16allocator_traitsISaIPN7testing8internal30ParameterizedTestSuiteInfoBaseEEE8allocateERS4_m
FNDA:12,_ZNSt16allocator_traitsISaIPN7testing8internal30ParameterizedTestSuiteInfoBaseEEE8allocateERS4_m
FN:463,_ZNSt16allocator_traitsISaISt5tupleIJiiEEEE8allocateERS2_m
FNDA:18,_ZNSt16allocator_traitsISaISt5tupleIJiiEEEE8allocateERS2_m
FN:495,_ZNSt16allocator_traitsISaIN7testing8internal26ParameterizedTestSuiteInfoI11FindFixtureE17InstantiationInfoEEE10deallocateERS6_PS5_m
FNDA:3,_ZNSt16allocator_traitsISaIN7testing8internal26ParameterizedTestSuiteInfoI11FindFixtureE17InstantiationInfoEEE10deallocateERS6_PS5_m
FN:495,_ZNSt16allocator_traitsISaISt10shared_ptrIN7testing8internal26ParameterizedTestSuiteInfoI11FindFixtureE8TestInfoEEEE10deallocateERS8_PS7_m
FNDA:3,_ZNSt16allocator_traitsISaISt10shared_ptrIN7testing8internal26ParameterizedTestSuiteInfoI11FindFixtureE8TestInfoEEEE10deallocateERS8_PS7_m
FN:495,_ZNSt16allocator_traitsISaIN7testing8internal26ParameterizedTestSuiteInfoI11RankFixtureE17InstantiationInfoEEE10deallocateERS6_PS5_m
FNDA:3,_ZNSt16allocator_traitsISaIN7testing8internal26ParameterizedTestSuiteInfoI11RankFixtureE17InstantiationInfoEEE10deallocateERS6_PS5_m
FN:495,_ZNSt16allocator_traitsISaIN7testing8internal26ParameterizedTestSuiteInfoI14MaximumFixtureE17InstantiationInfoEEE10deallocateERS6_PS5_m
FNDA:3,_ZNSt16allocator_traitsISaIN7testing8internal26ParameterizedTestSuiteInfoI14MaximumFixtureE17InstantiationInfoEEE10deallocateERS6_PS5_m
FN:495,_ZNSt16allocator_traitsISaISt10shared_ptrIN7testing8internal26ParameterizedTestSuiteInfoI14MaximumFixtureE8TestInfoEEEE10deallocateERS8_PS7_m
FNDA:3,_ZNSt16allocator_traitsISaISt10shared_ptrIN7testing8internal26ParameterizedTestSuiteInfoI14MaximumFixtureE8TestInfoEEEE10deallocateERS8_PS7_m
FN:495,_ZNSt16allocator_traitsISaIN7testing8internal26ParameterizedTestSuiteInfoI14MinimumFixtureE17InstantiationInfoEEE10deallocateERS6_PS5_m
FNDA:3,_ZNSt16allocator_traitsISaIN7testing8internal26ParameterizedTestSuiteInfoI14MinimumFixtureE17InstantiationInfoEEE10deallocateERS6_PS5_m
FN:495,_ZNSt16allocator_traitsISaISt10shared_ptrIN7testing8internal26ParameterizedTestSuiteInfoI14MinimumFixtureE8TestInfoEEEE10deallocateERS8_PS7_m
FNDA:3,_ZNSt16allocator_traitsISaISt10shared_ptrIN7testing8internal26ParameterizedTestSuiteInfoI14MinimumFixtureE8TestInfoEEEE10deallocateERS8_PS7_m
FN:495,_ZNSt16allocator_traitsISaISt5tupleIJiiiEEEE10deallocateERS2_PS1_m
FNDA:18,_ZNSt16allocator_traitsISaISt5tupleIJiiiEEEE10deallocateERS2_PS1_m
FN:495,_ZNSt16allocator_traitsISaIN7testing8internal26ParameterizedTestSuiteInfoI21RXRotateInsertFixtureE17InstantiationInfoEEE10deallocateERS6_PS5_m
FNDA:3,_ZNSt16allocator_traitsISaIN7testing8internal26ParameterizedTestSuiteInfoI21RXRotateInsertFixtureE17InstantiationInfoEEE10deallocateERS6_PS5_m
FN:495,_ZNSt16allocator_traitsISaISt10shared_ptrIN7testing8internal26ParameterizedTestSuiteInfoI21RXRotateInsertFixtureE8TestInfoEEEE10deallocateERS8_PS7_m
FNDA:3,_ZNSt16allocator_traitsISaISt10shared_ptrIN7testing8internal26ParameterizedTestSuiteInfoI21RXRotateInsertFixtureE8TestInfoEEEE10deallocateERS8_PS7_m
FN:495,_ZNSt16allocator_traitsISaIN7testing8internal26ParameterizedTestSuiteInfoI21LXRotateInsertFixtureE17InstantiationInfoEEE10deallocateERS6_PS5_m
FNDA:3,_ZNSt16allocator_traitsISaIN7testing8internal26ParameterizedTestSuiteInfoI21LXRotateInsertFixtureE17InstantiationInfoEEE10deallocateERS6_PS5_m
FN:495,_ZNSt16allocator_traitsISaISt10shared_ptrIN7testing8internal26ParameterizedTestSuiteInfoI21LXRotateInsertFixtureE8TestInfoEEEE10deallocateERS8_PS7_m
FNDA:3,_ZNSt16allocator_traitsISaISt10shared_ptrIN7testing8internal26ParameterizedTestSuiteInfoI21LXRotateInsertFixtureE8TestInfoEEEE10deallocateERS8_PS7_m
FN:495,_ZNSt16allocator_traitsISaISt5tupleIJiiEEEE10deallocateERS2_PS1_m
FNDA:18,_ZNSt16allocator_traitsISaISt5tupleIJiiEEEE10deallocateERS2_PS1_m
FN:495,_ZNSt16allocator_traitsISaIPN7testing8internal30ParameterizedTestSuiteInfoBaseEEE10deallocateERS4_PS3_m
FNDA:9,_ZNSt16allocator_traitsISaIPN7testing8internal30ParameterizedTestSuiteInfoBaseEEE10deallocateERS4_PS3_m
FN:495,_ZNSt16allocator_traitsISaISt10shared_ptrIN7testing8internal26ParameterizedTestSuiteInfoI11RankFixtureE8TestInfoEEEE10deallocateERS8_PS7_m
FNDA:3,_ZNSt16allocator_traitsISaISt10shared_ptrIN7testing8internal26ParameterizedTestSuiteInfoI11RankFixtureE8TestInfoEEEE10deallocateERS8_PS7_m
FN:495,_ZNSt16allocator_traitsISaISt13_Rb_tree_nodeINSt7__cxx1112basic_stringIcSt11char_traitsIcESaIcEEEEEE10deallocateERS8_PS7_m
FNDA:468,_ZNSt16allocator_traitsISaISt13_Rb_tree_nodeINSt7__cxx1112basic_stringIcSt11char_traitsIcESaIcEEEEEE10deallocateERS8_PS7_m
FN:511,_ZNSt16allocator_traitsISaIN7testing8internal26ParameterizedTestSuiteInfoI11FindFixtureE17InstantiationInfoEEE9constructIS5_JS5_EEEvRS6_PT_DpOT0_
FNDA:3,_ZNSt16allocator_traitsISaIN7testing8internal26ParameterizedTestSuiteInfoI11FindFixtureE17InstantiationInfoEEE9constructIS5_JS5_EEEvRS6_PT_DpOT0_
FN:511,_ZNSt16allocator_traitsISaIN7testing8internal26ParameterizedTestSuiteInfoI11RankFixtureE17InstantiationInfoEEE9constructIS5_JS5_EEEvRS6_PT_DpOT0_
FNDA:3,_ZNSt16allocator_traitsISaIN7testing8internal26ParameterizedTestSuiteInfoI11RankFixtureE17InstantiationInfoEEE9constructIS5_JS5_EEEvRS6_PT_DpOT0_
FN:511,_ZNSt16allocator_traitsISaIN7testing8internal26ParameterizedTestSuiteInfoI14MaximumFixtureE17InstantiationInfoEEE9constructIS5_JS5_EEEvRS6_PT_DpOT0_
FNDA:3,_ZNSt16allocator_traitsISaIN7testing8internal26ParameterizedTestSuiteInfoI14MaximumFixtureE17InstantiationInfoEEE9constructIS5_JS5_EEEvRS6_PT_DpOT0_
FN:511,_ZNSt16allocator_traitsISaISt10shared_ptrIN7testing8internal26ParameterizedTestSuiteInfoI21LXRotateInsertFixtureE8TestInfoEEEE9constructIS7_JS7_EEEvRS8_PT_DpOT0_
FNDA:3,_ZNSt16allocator_traitsISaISt10shared_ptrIN7testing8internal26ParameterizedTestSuiteInfoI21LXRotateInsertFixtureE8TestInfoEEEE9constructIS7_JS7_EEEvRS8_PT_DpOT0_
FN:511,_ZNSt16allocator_traitsISaISt13_Rb_tree_nodeINSt7__cxx1112basic_stringIcSt11char_traitsIcESaIcEEEEEE9constructIS6_JRKS6_EEEvRS8_PT_DpOT0_
FNDA:468,_ZNSt16allocator_traitsISaISt13_Rb_tree_nodeINSt7__cxx1112basic_stringIcSt11char_traitsIcESaIcEEEEEE9constructIS6_JRKS6_EEEvRS8_PT_DpOT0_
FN:511,_ZNSt16allocator_traitsISaIN7testing8internal26ParameterizedTestSuiteInfoI14MinimumFixtureE17InstantiationInfoEEE9constructIS5_JS5_EEEvRS6_PT_DpOT0_
FNDA:3,_ZNSt16allocator_traitsISaIN7testing8internal26ParameterizedTestSuiteInfoI14MinimumFixtureE17InstantiationInfoEEE9constructIS5_JS5_EEEvRS6_PT_DpOT0_
FN:511,_ZNSt16allocator_traitsISaISt10shared_ptrIN7testing8internal26ParameterizedTestSuiteInfoI21RXRotateInsertFixtureE8TestInfoEEEE9constructIS7_JS7_EEEvRS8_PT_DpOT0_
FNDA:3,_ZNSt16allocator_traitsISaISt10shared_ptrIN7testing8internal26ParameterizedTestSuiteInfoI21RXRotateInsertFixtureE8TestInfoEEEE9constructIS7_JS7_EEEvRS8_PT_DpOT0_
FN:511,_ZNSt16allocator_traitsISaIN7testing8internal26ParameterizedTestSuiteInfoI21RXRotateInsertFixtureE17InstantiationInfoEEE9constructIS5_JS5_EEEvRS6_PT_DpOT0_
FNDA:3,_ZNSt16allocator_traitsISaIN7testing8internal26ParameterizedTestSuiteInfoI21RXRotateInsertFixtureE17InstantiationInfoEEE9constructIS5_JS5_EEEvRS6_PT_DpOT0_
FN:511,_ZNSt16allocator_traitsISaIN7testing8internal26ParameterizedTestSuiteInfoI21LXRotateInsertFixtureE17InstantiationInfoEEE9constructIS5_JS5_EEEvRS6_PT_DpOT0_
FNDA:3,_ZNSt16allocator_traitsISaIN7testing8internal26ParameterizedTestSuiteInfoI21LXRotateInsertFixtureE17InstantiationInfoEEE9constructIS5_JS5_EEEvRS6_PT_DpOT0_
FN:511,_ZNSt16allocator_traitsISaISt10shared_ptrIN7testing8internal26ParameterizedTestSuiteInfoI14MinimumFixtureE8TestInfoEEEE9constructIS7_JS7_EEEvRS8_PT_DpOT0_
FNDA:3,_ZNSt16allocator_traitsISaISt10shared_ptrIN7testing8internal26ParameterizedTestSuiteInfoI14MinimumFixtureE8TestInfoEEEE9constructIS7_JS7_EEEvRS8_PT_DpOT0_
FN:511,_ZNSt16allocator_traitsISaISt10shared_ptrIN7testing8internal26ParameterizedTestSuiteInfoI14MaximumFixtureE8TestInfoEEEE9constructIS7_JS7_EEEvRS8_PT_DpOT0_
FNDA:3,_ZNSt16allocator_traitsISaISt10shared_ptrIN7testing8internal26ParameterizedTestSuiteInfoI14MaximumFixtureE8TestInfoEEEE9constructIS7_JS7_EEEvRS8_PT_DpOT0_
FN:511,_ZNSt16allocator_traitsISaISt10shared_ptrIN7testing8internal26ParameterizedTestSuiteInfoI11RankFixtureE8TestInfoEEEE9constructIS7_JS7_EEEvRS8_PT_DpOT0_
FNDA:3,_ZNSt16allocator_traitsISaISt10shared_ptrIN7testing8internal26ParameterizedTestSuiteInfoI11RankFixtureE8TestInfoEEEE9constructIS7_JS7_EEEvRS8_PT_DpOT0_
FN:511,_ZNSt16allocator_traitsISaISt10shared_ptrIN7testing8internal26ParameterizedTestSuiteInfoI11FindFixtureE8TestInfoEEEE9constructIS7_JS7_EEEvRS8_PT_DpOT0_
FNDA:3,_ZNSt16allocator_traitsISaISt10shared_ptrIN7testing8internal26ParameterizedTestSuiteInfoI11FindFixtureE8TestInfoEEEE9constructIS7_JS7_EEEvRS8_PT_DpOT0_
FN:511,_ZNSt16allocator_traitsISaIPN7testing8internal30ParameterizedTestSuiteInfoBaseEEE9constructIS3_JS3_EEEvRS4_PT_DpOT0_
FNDA:18,_ZNSt16allocator_traitsISaIPN7testing8internal30ParameterizedTestSuiteInfoBaseEEE9constructIS3_JS3_EEEvRS4_PT_DpOT0_
FN:531,_ZNSt16allocator_traitsISaIN7testing8internal26ParameterizedTestSuiteInfoI21RXRotateInsertFixtureE17InstantiationInfoEEE7destroyIS5_EEvRS6_PT_
FNDA:0,_ZNSt16allocator_traitsISaIN7testing8internal26ParameterizedTestSuiteInfoI21RXRotateInsertFixtureE17InstantiationInfoEEE7destroyIS5_EEvRS6_PT_
FN:531,_ZNSt16allocator_traitsISaIN7testing8internal26ParameterizedTestSuiteInfoI21LXRotateInsertFixtureE17InstantiationInfoEEE7destroyIS5_EEvRS6_PT_
FNDA:0,_ZNSt16allocator_traitsISaIN7testing8internal26ParameterizedTestSuiteInfoI21LXRotateInsertFixtureE17InstantiationInfoEEE7destroyIS5_EEvRS6_PT_
FN:531,_ZNSt16allocator_traitsISaIPN7testing8internal30ParameterizedTestSuiteInfoBaseEEE7destroyIS3_EEvRS4_PT_
FNDA:0,_ZNSt16allocator_traitsISaIPN7testing8internal30ParameterizedTestSuiteInfoBaseEEE7destroyIS3_EEvRS4_PT_
FN:531,_ZNSt16allocator_traitsISaISt13_Rb_tree_nodeINSt7__cxx1112basic_stringIcSt11char_traitsIcESaIcEEEEEE7destroyIS6_EEvRS8_PT_
FNDA:468,_ZNSt16allocator_traitsISaISt13_Rb_tree_nodeINSt7__cxx1112basic_stringIcSt11char_traitsIcESaIcEEEEEE7destroyIS6_EEvRS8_PT_
FN:531,_ZNSt16allocator_traitsISaIN7testing8internal26ParameterizedTestSuiteInfoI14MinimumFixtureE17InstantiationInfoEEE7destroyIS5_EEvRS6_PT_
FNDA:0,_ZNSt16allocator_traitsISaIN7testing8internal26ParameterizedTestSuiteInfoI14MinimumFixtureE17InstantiationInfoEEE7destroyIS5_EEvRS6_PT_
FN:531,_ZNSt16allocator_traitsISaIN7testing8internal26ParameterizedTestSuiteInfoI14MaximumFixtureE17InstantiationInfoEEE7destroyIS5_EEvRS6_PT_
FNDA:0,_ZNSt16allocator_traitsISaIN7testing8internal26ParameterizedTestSuiteInfoI14MaximumFixtureE17InstantiationInfoEEE7destroyIS5_EEvRS6_PT_
FN:531,_ZNSt16allocator_traitsISaIN7testing8internal26ParameterizedTestSuiteInfoI11RankFixtureE17InstantiationInfoEEE7destroyIS5_EEvRS6_PT_
FNDA:0,_ZNSt16allocator_traitsISaIN7testing8internal26ParameterizedTestSuiteInfoI11RankFixtureE17InstantiationInfoEEE7destroyIS5_EEvRS6_PT_
FN:531,_ZNSt16allocator_traitsISaIN7testing8internal26ParameterizedTestSuiteInfoI11FindFixtureE17InstantiationInfoEEE7destroyIS5_EEvRS6_PT_
FNDA:0,_ZNSt16allocator_traitsISaIN7testing8internal26ParameterizedTestSuiteInfoI11FindFixtureE17InstantiationInfoEEE7destroyIS5_EEvRS6_PT_
FN:531,_ZNSt16allocator_traitsISaISt10shared_ptrIN7testing8internal26ParameterizedTestSuiteInfoI21LXRotateInsertFixtureE8TestInfoEEEE7destroyIS7_EEvRS8_PT_
FNDA:0,_ZNSt16allocator_traitsISaISt10shared_ptrIN7testing8internal26ParameterizedTestSuiteInfoI21LXRotateInsertFixtureE8TestInfoEEEE7destroyIS7_EEvRS8_PT_
FN:531,_ZNSt16allocator_traitsISaISt10shared_ptrIN7testing8internal26ParameterizedTestSuiteInfoI21RXRotateInsertFixtureE8TestInfoEEEE7destroyIS7_EEvRS8_PT_
FNDA:0,_ZNSt16allocator_traitsISaISt10shared_ptrIN7testing8internal26ParameterizedTestSuiteInfoI21RXRotateInsertFixtureE8TestInfoEEEE7destroyIS7_EEvRS8_PT_
FN:531,_ZNSt16allocator_traitsISaISt10shared_ptrIN7testing8internal26ParameterizedTestSuiteInfoI14MinimumFixtureE8TestInfoEEEE7destroyIS7_EEvRS8_PT_
FNDA:0,_ZNSt16allocator_traitsISaISt10shared_ptrIN7testing8internal26ParameterizedTestSuiteInfoI14MinimumFixtureE8TestInfoEEEE7destroyIS7_EEvRS8_PT_
FN:531,_ZNSt16allocator_traitsISaISt10shared_ptrIN7testing8internal26ParameterizedTestSuiteInfoI14MaximumFixtureE8TestInfoEEEE7destroyIS7_EEvRS8_PT_
FNDA:0,_ZNSt16allocator_traitsISaISt10shared_ptrIN7testing8internal26ParameterizedTestSuiteInfoI14MaximumFixtureE8TestInfoEEEE7destroyIS7_EEvRS8_PT_
FN:531,_ZNSt16allocator_traitsISaISt10shared_ptrIN7testing8internal26ParameterizedTestSuiteInfoI11RankFixtureE8TestInfoEEEE7destroyIS7_EEvRS8_PT_
FNDA:0,_ZNSt16allocator_traitsISaISt10shared_ptrIN7testing8internal26ParameterizedTestSuiteInfoI11RankFixtureE8TestInfoEEEE7destroyIS7_EEvRS8_PT_
FN:531,_ZNSt16allocator_traitsISaISt10shared_ptrIN7testing8internal26ParameterizedTestSuiteInfoI11FindFixtureE8TestInfoEEEE7destroyIS7_EEvRS8_PT_
FNDA:0,_ZNSt16allocator_traitsISaISt10shared_ptrIN7testing8internal26ParameterizedTestSuiteInfoI11FindFixtureE8TestInfoEEEE7destroyIS7_EEvRS8_PT_
FN:547,_ZNSt16allocator_traitsISaISt5tupleIJiiiEEEE8max_sizeERKS2_
FNDA:18,_ZNSt16allocator_traitsISaISt5tupleIJiiiEEEE8max_sizeERKS2_
FN:547,_ZNSt16allocator_traitsISaISt10shared_ptrIN7testing8internal26ParameterizedTestSuiteInfoI11RankFixtureE8TestInfoEEEE8max_sizeERKS8_
FNDA:6,_ZNSt16allocator_traitsISaISt10shared_ptrIN7testing8internal26ParameterizedTestSuiteInfoI11RankFixtureE8TestInfoEEEE8max_sizeERKS8_
FN:547,_ZNSt16allocator_traitsISaISt5tupleIJiiEEEE8max_sizeERKS2_
FNDA:18,_ZNSt16allocator_traitsISaISt5tupleIJiiEEEE8max_sizeERKS2_
FN:547,_ZNSt16allocator_traitsISaIPN7testing8internal30ParameterizedTestSuiteInfoBaseEEE8max_sizeERKS4_
FNDA:24,_ZNSt16allocator_traitsISaIPN7testing8internal30ParameterizedTestSuiteInfoBaseEEE8max_sizeERKS4_
FN:547,_ZNSt16allocator_traitsISaIN7testing8internal26ParameterizedTestSuiteInfoI21LXRotateInsertFixtureE17InstantiationInfoEEE8max_sizeERKS6_
FNDA:6,_ZNSt16allocator_traitsISaIN7testing8internal26ParameterizedTestSuiteInfoI21LXRotateInsertFixtureE17InstantiationInfoEEE8max_sizeERKS6_
FN:547,_ZNSt16allocator_traitsISaIN7testing8internal26ParameterizedTestSuiteInfoI21RXRotateInsertFixtureE17InstantiationInfoEEE8max_sizeERKS6_
FNDA:6,_ZNSt16allocator_traitsISaIN7testing8internal26ParameterizedTestSuiteInfoI21RXRotateInsertFixtureE17InstantiationInfoEEE8max_sizeERKS6_
FN:547,_ZNSt16allocator_traitsISaIN7testing8internal26ParameterizedTestSuiteInfoI14MinimumFixtureE17InstantiationInfoEEE8max_sizeERKS6_
FNDA:6,_ZNSt16allocator_traitsISaIN7testing8internal26ParameterizedTestSuiteInfoI14MinimumFixtureE17InstantiationInfoEEE8max_sizeERKS6_
FN:547,_ZNSt16allocator_traitsISaIN7testing8internal26ParameterizedTestSuiteInfoI14MaximumFixtureE17InstantiationInfoEEE8max_sizeERKS6_
FNDA:6,_ZNSt16allocator_traitsISaIN7testing8internal26ParameterizedTestSuiteInfoI14MaximumFixtureE17InstantiationInfoEEE8max_sizeERKS6_
FN:547,_ZNSt16allocator_traitsISaIN7testing8internal26ParameterizedTestSuiteInfoI11RankFixtureE17InstantiationInfoEEE8max_sizeERKS6_
FNDA:6,_ZNSt16allocator_traitsISaIN7testing8internal26ParameterizedTestSuiteInfoI11RankFixtureE17InstantiationInfoEEE8max_sizeERKS6_
FN:547,_ZNSt16allocator_traitsISaISt10shared_ptrIN7testing8internal26ParameterizedTestSuiteInfoI11FindFixtureE8TestInfoEEEE8max_sizeERKS8_
FNDA:6,_ZNSt16allocator_traitsISaISt10shared_ptrIN7testing8internal26ParameterizedTestSuiteInfoI11FindFixtureE8TestInfoEEEE8max_sizeERKS8_
FN:547,_ZNSt16allocator_traitsISaIN7testing8internal26ParameterizedTestSuiteInfoI11FindFixtureE17InstantiationInfoEEE8max_sizeERKS6_
FNDA:6,_ZNSt16allocator_traitsISaIN7testing8internal26ParameterizedTestSuiteInfoI11FindFixtureE17InstantiationInfoEEE8max_sizeERKS6_
FN:547,_ZNSt16allocator_traitsISaISt10shared_ptrIN7testing8internal26ParameterizedTestSuiteInfoI21LXRotateInsertFixtureE8TestInfoEEEE8max_sizeERKS8_
FNDA:6,_ZNSt16allocator_traitsISaISt10shared_ptrIN7testing8internal26ParameterizedTestSuiteInfoI21LXRotateInsertFixtureE8TestInfoEEEE8max_sizeERKS8_
FN:547,_ZNSt16allocator_traitsISaISt10shared_ptrIN7testing8internal26ParameterizedTestSuiteInfoI21RXRotateInsertFixtureE8TestInfoEEEE8max_sizeERKS8_
FNDA:6,_ZNSt16allocator_traitsISaISt10shared_ptrIN7testing8internal26ParameterizedTestSuiteInfoI21RXRotateInsertFixtureE8TestInfoEEEE8max_sizeERKS8_
FN:547,_ZNSt16allocator_traitsISaISt10shared_ptrIN7testing8internal26ParameterizedTestSuiteInfoI14MaximumFixtureE8TestInfoEEEE8max_sizeERKS8_
FNDA:6,_ZNSt16allocator_traitsISaISt10shared_ptrIN7testing8internal26ParameterizedTestSuiteInfoI14MaximumFixtureE8TestInfoEEEE8max_sizeERKS8_
FN:547,_ZNSt16allocator_traitsISaISt10shared_ptrIN7testing8internal26ParameterizedTestSuiteInfoI14MinimumFixtureE8TestInfoEEEE8max_sizeERKS8_
FNDA:6,_ZNSt16allocator_traitsISaISt10shared_ptrIN7testing8internal26ParameterizedTestSuiteInfoI14MinimumFixtureE8TestInfoEEEE8max_sizeERKS8_
FN:562,_ZNSt16allocator_traitsISaIcEE37select_on_container_copy_constructionERKS0_
FNDA:0,_ZNSt16allocator_traitsISaIcEE37select_on_container_copy_constructionERKS0_
FN:845,_ZSt8_DestroyIPN7testing8internal26ParameterizedTestSuiteInfoI21RXRotateInsertFixtureE17InstantiationInfoES5_EvT_S7_RSaIT0_E
FNDA:3,_ZSt8_DestroyIPN7testing8internal26ParameterizedTestSuiteInfoI21RXRotateInsertFixtureE17InstantiationInfoES5_EvT_S7_RSaIT0_E
FN:845,_ZSt8_DestroyIPPN7testing8internal30ParameterizedTestSuiteInfoBaseES3_EvT_S5_RSaIT0_E
FNDA:0,_ZSt8_DestroyIPPN7testing8internal30ParameterizedTestSuiteInfoBaseES3_EvT_S5_RSaIT0_E
FN:845,_ZSt8_DestroyIPSt5tupleIJiiEES1_EvT_S3_RSaIT0_E
FNDA:18,_ZSt8_DestroyIPSt5tupleIJiiEES1_EvT_S3_RSaIT0_E
FN:845,_ZSt8_DestroyIPSt5tupleIJiiiEES1_EvT_S3_RSaIT0_E
FNDA:18,_ZSt8_DestroyIPSt5tupleIJiiiEES1_EvT_S3_RSaIT0_E
FN:845,_ZSt8_DestroyIPSt10shared_ptrIN7testing8internal26ParameterizedTestSuiteInfoI21LXRotateInsertFixtureE8TestInfoEES7_EvT_S9_RSaIT0_E
FNDA:3,_ZSt8_DestroyIPSt10shared_ptrIN7testing8internal26ParameterizedTestSuiteInfoI21LXRotateInsertFixtureE8TestInfoEES7_EvT_S9_RSaIT0_E
FN:845,_ZSt8_DestroyIPN7testing8internal26ParameterizedTestSuiteInfoI21LXRotateInsertFixtureE17InstantiationInfoES5_EvT_S7_RSaIT0_E
FNDA:3,_ZSt8_DestroyIPN7testing8internal26ParameterizedTestSuiteInfoI21LXRotateInsertFixtureE17InstantiationInfoES5_EvT_S7_RSaIT0_E
FN:845,_ZSt8_DestroyIPSt10shared_ptrIN7testing8internal26ParameterizedTestSuiteInfoI21RXRotateInsertFixtureE8TestInfoEES7_EvT_S9_RSaIT0_E
FNDA:3,_ZSt8_DestroyIPSt10shared_ptrIN7testing8internal26ParameterizedTestSuiteInfoI21RXRotateInsertFixtureE8TestInfoEES7_EvT_S9_RSaIT0_E
FN:845,_ZSt8_DestroyIPSt10shared_ptrIN7testing8internal26ParameterizedTestSuiteInfoI11FindFixtureE8TestInfoEES7_EvT_S9_RSaIT0_E
FNDA:3,_ZSt8_DestroyIPSt10shared_ptrIN7testing8internal26ParameterizedTestSuiteInfoI11FindFixtureE8TestInfoEES7_EvT_S9_RSaIT0_E
FN:845,_ZSt8_DestroyIPSt10shared_ptrIN7testing8internal26ParameterizedTestSuiteInfoI14MinimumFixtureE8TestInfoEES7_EvT_S9_RSaIT0_E
FNDA:3,_ZSt8_DestroyIPSt10shared_ptrIN7testing8internal26ParameterizedTestSuiteInfoI14MinimumFixtureE8TestInfoEES7_EvT_S9_RSaIT0_E
FN:845,_ZSt8_DestroyIPN7testing8internal26ParameterizedTestSuiteInfoI14MinimumFixtureE17InstantiationInfoES5_EvT_S7_RSaIT0_E
FNDA:3,_ZSt8_DestroyIPN7testing8internal26ParameterizedTestSuiteInfoI14MinimumFixtureE17InstantiationInfoES5_EvT_S7_RSaIT0_E
FN:845,_ZSt8_DestroyIPSt10shared_ptrIN7testing8internal26ParameterizedTestSuiteInfoI14MaximumFixtureE8TestInfoEES7_EvT_S9_RSaIT0_E
FNDA:3,_ZSt8_DestroyIPSt10shared_ptrIN7testing8internal26ParameterizedTestSuiteInfoI14MaximumFixtureE8TestInfoEES7_EvT_S9_RSaIT0_E
FN:845,_ZSt8_DestroyIPN7testing8internal26ParameterizedTestSuiteInfoI14MaximumFixtureE17InstantiationInfoES5_EvT_S7_RSaIT0_E
FNDA:3,_ZSt8_DestroyIPN7testing8internal26ParameterizedTestSuiteInfoI14MaximumFixtureE17InstantiationInfoES5_EvT_S7_RSaIT0_E
FN:845,_ZSt8_DestroyIPSt10shared_ptrIN7testing8internal26ParameterizedTestSuiteInfoI11RankFixtureE8TestInfoEES7_EvT_S9_RSaIT0_E
FNDA:3,_ZSt8_DestroyIPSt10shared_ptrIN7testing8internal26ParameterizedTestSuiteInfoI11RankFixtureE8TestInfoEES7_EvT_S9_RSaIT0_E
FN:845,_ZSt8_DestroyIPN7testing8internal26ParameterizedTestSuiteInfoI11RankFixtureE17InstantiationInfoES5_EvT_S7_RSaIT0_E
FNDA:3,_ZSt8_DestroyIPN7testing8internal26ParameterizedTestSuiteInfoI11RankFixtureE17InstantiationInfoES5_EvT_S7_RSaIT0_E
FN:845,_ZSt8_DestroyIPN7testing8internal26ParameterizedTestSuiteInfoI11FindFixtureE17InstantiationInfoES5_EvT_S7_RSaIT0_E
FNDA:3,_ZSt8_DestroyIPN7testing8internal26ParameterizedTestSuiteInfoI11FindFixtureE17InstantiationInfoES5_EvT_S7_RSaIT0_E
DA:463,468
DA:464,468
DA:463,3
DA:464,3
DA:463,3
DA:464,3
DA:463,3
DA:464,3
DA:463,3
DA:464,3
DA:463,3
DA:464,3
DA:463,3
DA:464,3
DA:463,3
DA:464,3
DA:463,3
DA:464,3
DA:463,3
DA:464,3
DA:463,3
DA:464,3
DA:463,18
DA:464,18
DA:463,3
DA:464,3
DA:463,3
DA:464,3
DA:463,12
DA:464,12
DA:463,18
DA:464,18
DA:495,468
DA:496,468
DA:495,3
DA:496,3
DA:495,3
DA:496,3
DA:495,3
DA:496,3
DA:495,3
DA:496,3
DA:495,3
DA:496,3
DA:495,3
DA:496,3
DA:495,3
DA:496,3
DA:495,3
DA:496,3
DA:495,18
DA:496,18
DA:495,3
DA:496,3
DA:495,3
DA:496,3
DA:495,3
DA:496,3
DA:495,3
DA:496,3
DA:495,18
DA:496,18
DA:495,9
DA:496,9
DA:511,468
DA:516,468
DA:520,468
DA:511,3
DA:516,3
DA:520,3
DA:511,3
DA:516,3
DA:520,3
DA:511,3
DA:516,3
DA:520,3
DA:511,3
DA:516,3
DA:520,3
DA:511,3
DA:516,3
DA:520,3
DA:511,3
DA:516,3
DA:520,3
DA:511,3
DA:516,3
DA:520,3
DA:511,3
DA:516,3
DA:520,3
DA:511,3
DA:516,3
DA:520,3
DA:511,3
DA:516,3
DA:520,3
DA:511,3
DA:516,3
DA:520,3
DA:511,3
DA:516,3
DA:520,3
DA:511,18
DA:516,18
DA:520,18
DA:531,468
DA:535,468
DA:539,468
DA:531,0
DA:535,0
DA:539,0
DA:531,0
DA:535,0
DA:539,0
DA:531,0
DA:535,0
DA:539,0
DA:531,0
DA:535,0
DA:539,0
DA:531,0
DA:535,0
DA:539,0
DA:531,0
DA:535,0
DA:539,0
DA:531,0
DA:535,0
DA:539,0
DA:531,0
DA:535,0
DA:539,0
DA:531,0
DA:535,0
DA:539,0
DA:531,0
DA:535,0
DA:539,0
DA:531,0
DA:535,0
DA:539,0
DA:531,0
DA:535,0
DA:539,0
DA:531,0
DA:535,0
DA:539,0
DA:547,6
DA:550,6
DA:547,6
DA:550,6
DA:547,6
DA:550,6
DA:547,6
DA:550,6
DA:547,6
DA:550,6
DA:547,6
DA:550,6
DA:547,6
DA:550,6
DA:547,6
DA:550,6
DA:547,6
DA:550,6
DA:547,6
DA:550,6
DA:547,6
DA:550,6
DA:547,6
DA:550,6
DA:547,24
DA:550,24
DA:547,18
DA:550,18
DA:547,18
DA:550,18
DA:562,0
DA:563,0
DA:845,3
DA:848,3
DA:849,3
DA:845,3
DA:848,3
DA:849,3
DA:845,3
DA:848,3
DA:849,3
DA:845,3
DA:848,3
DA:849,3
DA:845,3
DA:848,3
DA:849,3
DA:845,3
DA:848,3
DA:849,3
DA:845,3
DA:848,3
DA:849,3
DA:845,3
DA:848,3
DA:849,3
DA:845,3
DA:848,3
DA:849,3
DA:845,3
DA:848,3
DA:849,3
DA:845,3
DA:848,3
DA:849,3
DA:845,3
DA:848,3
DA:849,3
DA:845,18
DA:848,18
DA:849,18
DA:845,18
DA:848,18
DA:849,18
DA:845,0
DA:848,0
DA:849,0
end_of_record
SF:/usr/include/c++/11/typeinfo
FN:120,_ZNKSt9type_infoeqERKS_
FNDA:504,_ZNKSt9type_infoeqERKS_
DA:120,504
DA:122,504
DA:123,504
DA:124,504
end_of_record
SF:/usr/include/c++/11/bits/stl_function.h
FN:399,_ZNKSt4lessINSt7__cxx1112basic_stringIcSt11char_traitsIcESaIcEEEEclERKS5_S8_
FNDA:5952,_ZNKSt4lessINSt7__cxx1112basic_stringIcSt11char_traitsIcESaIcEEEEclERKS5_S8_
FN:1158,_ZNKSt9_IdentityINSt7__cxx1112basic_stringIcSt11char_traitsIcESaIcEEEEclERKS5_
FNDA:6870,_ZNKSt9_IdentityINSt7__cxx1112basic_stringIcSt11char_traitsIcESaIcEEEEclERKS5_
DA:399,5952
DA:400,5952
DA:1158,6870
DA:1159,6870
end_of_record
SF:/usr/include/c++/11/new
FN:174,_ZnwmPv
FNDA:1926,_ZnwmPv
FN:180,_ZdlPvS_
FNDA:0,_ZdlPvS_
DA:174,1926
DA:175,1926
DA:180,0
end_of_record
SF:/usr/include/c++/11/bits/stl_iterator_base_funcs.h
FN:98,_ZSt10__distanceIN9__gnu_cxx17__normal_iteratorIPKSt5tupleIJiiiEESt6vectorIS3_SaIS3_EEEEENSt15iterator_traitsIT_E15difference_typeESB_SB_St26random_access_iterator_tag
FNDA:9,_ZSt10__distanceIN9__gnu_cxx17__normal_iteratorIPKSt5tupleIJiiiEESt6vectorIS3_SaIS3_EEEEENSt15iterator_traitsIT_E15difference_typeESB_SB_St26random_access_iterator_tag
FN:98,_ZSt10__distanceIN9__gnu_cxx17__normal_iteratorIPKSt5tupleIJiiEESt6vectorIS3_SaIS3_EEEEENSt15iterator_traitsIT_E15difference_typeESB_SB_St26random_access_iterator_tag
FNDA:9,_ZSt10__distanceIN9__gnu_cxx17__normal_iteratorIPKSt5tupleIJiiEESt6vectorIS3_SaIS3_EEEEENSt15iterator_traitsIT_E15difference_typeESB_SB_St26random_access_iterator_tag
FN:98,_ZSt10__distanceIPKSt5tupleIJiiiEEENSt15iterator_traitsIT_E15difference_typeES5_S5_St26random_access_iterator_tag
FNDA:9,_ZSt10__distanceIPKSt5tupleIJiiiEEENSt15iterator_traitsIT_E15difference_typeES5_S5_St26random_access_iterator_tag
FN:98,_ZSt10__distanceIPKSt5tupleIJiiEEENSt15iterator_traitsIT_E15difference_typeES5_S5_St26random_access_iterator_tag
FNDA:9,_ZSt10__distanceIPKSt5tupleIJiiEEENSt15iterator_traitsIT_E15difference_typeES5_S5_St26random_access_iterator_tag
FN:98,_ZSt10__distanceIPcENSt15iterator_traitsIT_E15difference_typeES2_S2_St26random_access_iterator_tag
FNDA:0,_ZSt10__distanceIPcENSt15iterator_traitsIT_E15difference_typeES2_S2_St26random_access_iterator_tag
FN:98,_ZSt10__distanceIPKcENSt15iterator_traitsIT_E15difference_typeES3_S3_St26random_access_iterator_tag
FNDA:0,_ZSt10__distanceIPKcENSt15iterator_traitsIT_E15difference_typeES3_S3_St26random_access_iterator_tag
FN:138,_ZSt8distanceIN9__gnu_cxx17__normal_iteratorIPKSt5tupleIJiiiEESt6vectorIS3_SaIS3_EEEEENSt15iterator_traitsIT_E15difference_typeESB_SB_
FNDA:9,_ZSt8distanceIN9__gnu_cxx17__normal_iteratorIPKSt5tupleIJiiiEESt6vectorIS3_SaIS3_EEEEENSt15iterator_traitsIT_E15difference_typeESB_SB_
FN:138,_ZSt8distanceIN9__gnu_cxx17__normal_iteratorIPKSt5tupleIJiiEESt6vectorIS3_SaIS3_EEEEENSt15iterator_traitsIT_E15difference_typeESB_SB_
FNDA:9,_ZSt8distanceIN9__gnu_cxx17__normal_iteratorIPKSt5tupleIJiiEESt6vectorIS3_SaIS3_EEEEENSt15iterator_traitsIT_E15difference_typeESB_SB_
FN:138,_ZSt8distanceIPKSt5tupleIJiiiEEENSt15iterator_traitsIT_E15difference_typeES5_S5_
FNDA:9,_ZSt8distanceIPKSt5tupleIJiiiEEENSt15iterator_traitsIT_E15difference_typeES5_S5_
FN:138,_ZSt8distanceIPKSt5tupleIJiiEEENSt15iterator_traitsIT_E15difference_typeES5_S5_
FNDA:9,_ZSt8distanceIPKSt5tupleIJiiEEENSt15iterator_traitsIT_E15difference_typeES5_S5_
FN:138,_ZSt8distanceIPcENSt15iterator_traitsIT_E15difference_typeES2_S2_
FNDA:0,_ZSt8distanceIPcENSt15iterator_traitsIT_E15difference_typeES2_S2_
FN:138,_ZSt8distanceIPKcENSt15iterator_traitsIT_E15difference_typeES3_S3_
FNDA:0,_ZSt8distanceIPKcENSt15iterator_traitsIT_E15difference_typeES3_S3_
DA:98,9
DA:104,9
DA:98,9
DA:104,9
DA:98,9
DA:104,9
DA:98,9
DA:104,9
DA:98,0
DA:104,0
DA:98,0
DA:104,0
DA:138,9
DA:141,9
DA:142,18
DA:138,9
DA:141,9
DA:142,18
DA:138,9
DA:141,9
DA:142,18
DA:138,9
DA:141,9
DA:142,18
DA:138,0
DA:141,0
DA:142,0
DA:138,0
DA:141,0
DA:142,0
end_of_record
SF:/usr/include/c++/11/bits/stl_set.h
FN:167,_ZNSt3setINSt7__cxx1112basic_stringIcSt11char_traitsIcESaIcEEESt4lessIS5_ESaIS5_EEC2Ev
FNDA:18,_ZNSt3setINSt7__cxx1112basic_stringIcSt11char_traitsIcESaIcEEESt4lessIS5_ESaIS5_EEC2Ev
FN:281,_ZNSt3setINSt7__cxx1112basic_stringIcSt11char_traitsIcESaIcEEESt4lessIS5_ESaIS5_EED2Ev
FNDA:18,_ZNSt3setINSt7__cxx1112basic_stringIcSt11char_traitsIcESaIcEEESt4lessIS5_ESaIS5_EED2Ev
FN:509,_ZNSt3setINSt7__cxx1112basic_stringIcSt11char_traitsIcESaIcEEESt4lessIS5_ESaIS5_EE6insertERKS5_
FNDA:468,_ZNSt3setINSt7__cxx1112basic_stringIcSt11char_traitsIcESaIcEEESt4lessIS5_ESaIS5_EE6insertERKS5_
FN:748,_ZNKSt3setINSt7__cxx1112basic_stringIcSt11char_traitsIcESaIcEEESt4lessIS5_ESaIS5_EE5countERKS5_
FNDA:468,_ZNKSt3setINSt7__cxx1112basic_stringIcSt11char_traitsIcESaIcEEESt4lessIS5_ESaIS5_EE5countERKS5_
DA:167,18
DA:281,18
DA:509,468
DA:512,468
DA:513,468
DA:748,468
DA:749,468
end_of_record
SF:/usr/include/c++/11/initializer_list
FN:71,_ZNKSt16initializer_listISt5tupleIJiiiEEE4sizeEv
FNDA:9,_ZNKSt16initializer_listISt5tupleIJiiiEEE4sizeEv
FN:71,_ZNKSt16initializer_listISt5tupleIJiiEEE4sizeEv
FNDA:9,_ZNKSt16initializer_listISt5tupleIJiiEEE4sizeEv
FN:75,_ZNKSt16initializer_listISt5tupleIJiiiEEE5beginEv
FNDA:18,_ZNKSt16initializer_listISt5tupleIJiiiEEE5beginEv
FN:75,_ZNKSt16initializer_listISt5tupleIJiiEEE5beginEv
FNDA:18,_ZNKSt16initializer_listISt5tupleIJiiEEE5beginEv
FN:79,_ZNKSt16initializer_listISt5tupleIJiiiEEE3endEv
FNDA:9,_ZNKSt16initializer_listISt5tupleIJiiiEEE3endEv
FN:79,_ZNKSt16initializer_listISt5tupleIJiiEEE3endEv
FNDA:9,_ZNKSt16initializer_listISt5tupleIJiiEEE3endEv
DA:71,9
DA:71,9
DA:75,18
DA:75,18
DA:79,9
DA:79,9
end_of_record
SF:/usr/include/c++/11/ext/alloc_traits.h
FN:97,_ZN9__gnu_cxx14__alloc_traitsISaIcEcE17_S_select_on_copyERKS1_
FNDA:0,_ZN9__gnu_cxx14__alloc_traitsISaIcEcE17_S_select_on_copyERKS1_
DA:97,0
DA:98,0
end_of_record
SF:/usr/include/gtest/gtest-printers.h
FN:212,_ZN7testing8internal52internal_stream_operator_without_lexical_name_lookup13StreamPrinter10PrintValueIivRSoEEvRKT_PSo
FNDA:1278,_ZN7testing8internal52internal_stream_operator_without_lexical_name_lookup13StreamPrinter10PrintValueIivRSoEEvRKT_PSo
FN:306,_ZN7testing8internal17PrintWithFallbackIiEEvRKT_PSo
FNDA:1278,_ZN7testing8internal17PrintWithFallbackIiEEvRKT_PSo
FN:333,_ZN7testing8internal19FormatForComparisonIiiE6FormatB5cxx11ERKi
FNDA:0,_ZN7testing8internal19FormatForComparisonIiiE6FormatB5cxx11ERKi
FN:333,_ZN7testing8internal19FormatForComparisonIibE6FormatB5cxx11ERKi
FNDA:0,_ZN7testing8internal19FormatForComparisonIibE6FormatB5cxx11ERKi
FN:333,_ZN7testing8internal19FormatForComparisonIbiE6FormatB5cxx11ERKb
FNDA:0,_ZN7testing8internal19FormatForComparisonIbiE6FormatB5cxx11ERKb
FN:413,_ZN7testing8internal33FormatForComparisonFailureMessageIiiEENSt7__cxx1112basic_stringIcSt11char_traitsIcESaIcEEERKT_RKT0_
FNDA:0,_ZN7testing8internal33FormatForComparisonFailureMessageIiiEENSt7__cxx1112basic_stringIcSt11char_traitsIcESaIcEEERKT_RKT0_
FN:413,_ZN7testing8internal33FormatForComparisonFailureMessageIibEENSt7__cxx1112basic_stringIcSt11char_traitsIcESaIcEEERKT_RKT0_
FNDA:0,_ZN7testing8internal33FormatForComparisonFailureMessageIibEENSt7__cxx1112basic_stringIcSt11char_traitsIcESaIcEEERKT_RKT0_
FN:413,_ZN7testing8internal33FormatForComparisonFailureMessageIbiEENSt7__cxx1112basic_stringIcSt11char_traitsIcESaIcEEERKT_RKT0_
FNDA:0,_ZN7testing8internal33FormatForComparisonFailureMessageIbiEENSt7__cxx1112basic_stringIcSt11char_traitsIcESaIcEEERKT_RKT0_
FN:440,_ZN7testing8internal7PrintToIiEEvRKT_PSo
FNDA:1278,_ZN7testing8internal7PrintToIiEEvRKT_PSo
FN:459,_ZN7testing8internal7PrintToEbPSo
FNDA:0,_ZN7testing8internal7PrintToEbPSo
FN:635,_ZN7testing8internal12PrintTupleToISt5tupleIJiiiEEEEvRKT_St17integral_constantImLm0EEPSo
FNDA:342,_ZN7testing8internal12PrintTupleToISt5tupleIJiiiEEEEvRKT_St17integral_constantImLm0EEPSo
FN:635,_ZN7testing8internal12PrintTupleToISt5tupleIJiiEEEEvRKT_St17integral_constantImLm0EEPSo
FNDA:126,_ZN7testing8internal12PrintTupleToISt5tupleIJiiEEEEvRKT_St17integral_constantImLm0EEPSo
FN:639,_ZN7testing8internal12PrintTupleToISt5tupleIJiiEELm2EEEvRKT_St17integral_constantImXT0_EEPSo
FNDA:126,_ZN7testing8internal12PrintTupleToISt5tupleIJiiEELm2EEEvRKT_St17integral_constantImXT0_EEPSo
FN:639,_ZN7testing8internal12PrintTupleToISt5tupleIJiiiEELm3EEEvRKT_St17integral_constantImXT0_EEPSo
FNDA:342,_ZN7testing8internal12PrintTupleToISt5tupleIJiiiEELm3EEEvRKT_St17integral_constantImXT0_EEPSo
FN:639,_ZN7testing8internal12PrintTupleToISt5tupleIJiiEELm1EEEvRKT_St17integral_constantImXT0_EEPSo
FNDA:126,_ZN7testing8internal12PrintTupleToISt5tupleIJiiEELm1EEEvRKT_St17integral_constantImXT0_EEPSo
FN:639,_ZN7testing8internal12PrintTupleToISt5tupleIJiiiEELm2EEEvRKT_St17integral_constantImXT0_EEPSo
FNDA:342,_ZN7testing8internal12PrintTupleToISt5tupleIJiiiEELm2EEEvRKT_St17integral_constantImXT0_EEPSo
FN:639,_ZN7testing8internal12PrintTupleToISt5tupleIJiiiEELm1EEEvRKT_St17integral_constantImXT0_EEPSo
FNDA:342,_ZN7testing8internal12PrintTupleToISt5tupleIJiiiEELm1EEEvRKT_St17integral_constantImXT0_EEPSo
FN:652,_ZN7testing8internal7PrintToIJiiEEEvRKSt5tupleIJDpT_EEPSo
FNDA:126,_ZN7testing8internal7PrintToIJiiEEEvRKSt5tupleIJDpT_EEPSo
FN:652,_ZN7testing8internal7PrintToIJiiiEEEvRKSt5tupleIJDpT_EEPSo
FNDA:342,_ZN7testing8internal7PrintToIJiiiEEEvRKSt5tupleIJDpT_EEPSo
FN:682,_ZN7testing8internal16UniversalPrinterISt5tupleIJiiiEEE5PrintERKS3_PSo
FNDA:342,_ZN7testing8internal16UniversalPrinterISt5tupleIJiiiEEE5PrintERKS3_PSo
FN:682,_ZN7testing8internal16UniversalPrinterIbE5PrintERKbPSo
FNDA:0,_ZN7testing8internal16UniversalPrinterIbE5PrintERKbPSo
FN:682,_ZN7testing8internal16UniversalPrinterIiE5PrintERKiPSo
FNDA:1278,_ZN7testing8internal16UniversalPrinterIiE5PrintERKiPSo
FN:682,_ZN7testing8internal16UniversalPrinterISt5tupleIJiiEEE5PrintERKS3_PSo
FNDA:126,_ZN7testing8internal16UniversalPrinterISt5tupleIJiiEEE5PrintERKS3_PSo
FN:864,_ZN7testing8internal21UniversalTersePrinterISt5tupleIJiiEEE5PrintERKS3_PSo
FNDA:126,_ZN7testing8internal21UniversalTersePrinterISt5tupleIJiiEEE5PrintERKS3_PSo
FN:864,_ZN7testing8internal21UniversalTersePrinterISt5tupleIJiiiEEE5PrintERKS3_PSo
FNDA:342,_ZN7testing8internal21UniversalTersePrinterISt5tupleIJiiiEEE5PrintERKS3_PSo
FN:864,_ZN7testing8internal21UniversalTersePrinterIbE5PrintERKbPSo
FNDA:0,_ZN7testing8internal21UniversalTersePrinterIbE5PrintERKbPSo
FN:864,_ZN7testing8internal21UniversalTersePrinterIiE5PrintERKiPSo
FNDA:0,_ZN7testing8internal21UniversalTersePrinterIiE5PrintERKiPSo
FN:976,_ZN7testing8internal14UniversalPrintIbEEvRKT_PSo
FNDA:0,_ZN7testing8internal14UniversalPrintIbEEvRKT_PSo
FN:976,_ZN7testing8internal14UniversalPrintIiEEvRKT_PSo
FNDA:0,_ZN7testing8internal14UniversalPrintIiEEvRKT_PSo
FN:976,_ZN7testing8internal14UniversalPrintISt5tupleIJiiEEEEvRKT_PSo
FNDA:126,_ZN7testing8internal14UniversalPrintISt5tupleIJiiEEEEvRKT_PSo
FN:976,_ZN7testing8internal14UniversalPrintISt5tupleIJiiiEEEEvRKT_PSo
FNDA:342,_ZN7testing8internal14UniversalPrintISt5tupleIJiiiEEEEvRKT_PSo
FN:1016,_ZN7testing13PrintToStringIiEENSt7__cxx1112basic_stringIcSt11char_traitsIcESaIcEEERKT_
FNDA:0,_ZN7testing13PrintToStringIiEENSt7__cxx1112basic_stringIcSt11char_traitsIcESaIcEEERKT_
FN:1016,_ZN7testing13PrintToStringIbEENSt7__cxx1112basic_stringIcSt11char_traitsIcESaIcEEERKT_
FNDA:0,_ZN7testing13PrintToStringIbEENSt7__cxx1112basic_stringIcSt11char_traitsIcESaIcEEERKT_
FN:1016,_ZN7testing13PrintToStringISt5tupleIJiiEEEENSt7__cxx1112basic_stringIcSt11char_traitsIcESaIcEEERKT_
FNDA:126,_ZN7testing13PrintToStringISt5tupleIJiiEEEENSt7__cxx1112basic_stringIcSt11char_traitsIcESaIcEEERKT_
FN:1016,_ZN7testing13PrintToStringISt5tupleIJiiiEEEENSt7__cxx1112basic_stringIcSt11char_traitsIcESaIcEEERKT_
FNDA:342,_ZN7testing13PrintToStringISt5tupleIJiiiEEEENSt7__cxx1112basic_stringIcSt11char_traitsIcESaIcEEERKT_
DA:212,1278
DA:215,1278
DA:216,1278
DA:306,1278
DA:312,1278
DA:313,1278
DA:333,0
DA:334,0
DA:333,0
DA:334,0
DA:333,0
DA:334,0
DA:413,0
DA:415,0
DA:413,0
DA:415,0
DA:413,0
DA:415,0
DA:440,1278
DA:441,1278
DA:442,1278
DA:459,0
DA:460,0
DA:461,0
DA:635,342
DA:636,342
DA:635,126
DA:636,126
DA:639,342
DA:641,342
DA:647,342
DA:648,342
DA:649,342
DA:639,342
DA:641,342
DA:645,342
DA:647,342
DA:648,342
DA:649,342
DA:639,126
DA:641,126
DA:647,126
DA:648,126
DA:649,126
DA:639,342
DA:641,342
DA:645,342
DA:647,342
DA:648,342
DA:649,342
DA:639,126
DA:641,126
DA:645,126
DA:647,126
DA:648,126
DA:649,126
DA:652,342
DA:653,342
DA:654,342
DA:655,342
DA:656,342
DA:652,126
DA:653,126
DA:654,126
DA:655,126
DA:656,126
DA:682,342
DA:691,342
DA:692,342
DA:682,126
DA:691,126
DA:692,126
DA:682,0
DA:691,0
DA:692,0
DA:682,1278
DA:691,1278
DA:692,1278
DA:864,342
DA:865,342
DA:866,342
DA:864,126
DA:865,126
DA:866,126
DA:864,0
DA:865,0
DA:866,0
DA:864,0
DA:865,0
DA:866,0
DA:976,342
DA:980,342
DA:981,342
DA:976,126
DA:980,126
DA:981,126
DA:976,0
DA:980,0
DA:981,0
DA:976,0
DA:980,0
DA:981,0
DA:1016,342
DA:1017,342
DA:1018,342
DA:1019,684
DA:1020,342
DA:1016,126
DA:1017,126
DA:1018,126
DA:1019,252
DA:1020,126
DA:1016,0
DA:1017,0
DA:1018,0
DA:1019,0
DA:1020,0
DA:1016,0
DA:1017,0
DA:1018,0
DA:1019,0
DA:1020,0
end_of_record
SF:/usr/include/gtest/internal/gtest-port.h
FN:977,_ZN7testing8internal8GTestLog9GetStreamEv
FNDA:0,_ZN7testing8internal8GTestLog9GetStreamEv
FN:1119,_ZN7testing8internal27CheckedDowncastToActualTypeIKNS0_30ValuesInIteratorRangeGeneratorISt5tupleIJiiiEEE8IteratorEKNS0_22ParamIteratorInterfaceIS4_EEEEPT_PT0_
FNDA:351,_ZN7testing8internal27CheckedDowncastToActualTypeIKNS0_30ValuesInIteratorRangeGeneratorISt5tupleIJiiiEEE8IteratorEKNS0_22ParamIteratorInterfaceIS4_EEEEPT_PT0_
FN:1119,_ZN7testing8internal27CheckedDowncastToActualTypeIKNS0_30ValuesInIteratorRangeGeneratorISt5tupleIJiiEEE8IteratorEKNS0_22ParamIteratorInterfaceIS4_EEEEPT_PT0_
FNDA:135,_ZN7testing8internal27CheckedDowncastToActualTypeIKNS0_30ValuesInIteratorRangeGeneratorISt5tupleIJiiEEE8IteratorEKNS0_22ParamIteratorInterfaceIS4_EEEEPT_PT0_
FN:1119,_ZN7testing8internal27CheckedDowncastToActualTypeINS0_26ParameterizedTestSuiteInfoI11FindFixtureEENS0_30ParameterizedTestSuiteInfoBaseEEEPT_PT0_
FNDA:3,_ZN7testing8internal27CheckedDowncastToActualTypeINS0_26ParameterizedTestSuiteInfoI11FindFixtureEENS0_30ParameterizedTestSuiteInfoBaseEEEPT_PT0_
FN:1119,_ZN7testing8internal27CheckedDowncastToActualTypeINS0_26ParameterizedTestSuiteInfoI11RankFixtureEENS0_30ParameterizedTestSuiteInfoBaseEEEPT_PT0_
FNDA:3,_ZN7testing8internal27CheckedDowncastToActualTypeINS0_26ParameterizedTestSuiteInfoI11RankFixtureEENS0_30ParameterizedTestSuiteInfoBaseEEEPT_PT0_
FN:1119,_ZN7testing8internal27CheckedDowncastToActualTypeINS0_26ParameterizedTestSuiteInfoI14MaximumFixtureEENS0_30ParameterizedTestSuiteInfoBaseEEEPT_PT0_
FNDA:3,_ZN7testing8internal27CheckedDowncastToActualTypeINS0_26ParameterizedTestSuiteInfoI14MaximumFixtureEENS0_30ParameterizedTestSuiteInfoBaseEEEPT_PT0_
FN:1119,_ZN7testing8internal27CheckedDowncastToActualTypeINS0_26ParameterizedTestSuiteInfoI14MinimumFixtureEENS0_30ParameterizedTestSuiteInfoBaseEEEPT_PT0_
FNDA:3,_ZN7testing8internal27CheckedDowncastToActualTypeINS0_26ParameterizedTestSuiteInfoI14MinimumFixtureEENS0_30ParameterizedTestSuiteInfoBaseEEEPT_PT0_
FN:1119,_ZN7testing8internal27CheckedDowncastToActualTypeINS0_26ParameterizedTestSuiteInfoI21RXRotateInsertFixtureEENS0_30ParameterizedTestSuiteInfoBaseEEEPT_PT0_
FNDA:3,_ZN7testing8internal27CheckedDowncastToActualTypeINS0_26ParameterizedTestSuiteInfoI21RXRotateInsertFixtureEENS0_30ParameterizedTestSuiteInfoBaseEEEPT_PT0_
FN:1119,_ZN7testing8internal27CheckedDowncastToActualTypeINS0_26ParameterizedTestSuiteInfoI21LXRotateInsertFixtureEENS0_30ParameterizedTestSuiteInfoBaseEEEPT_PT0_
FNDA:3,_ZN7testing8internal27CheckedDowncastToActualTypeINS0_26ParameterizedTestSuiteInfoI21LXRotateInsertFixtureEENS0_30ParameterizedTestSuiteInfoBaseEEEPT_PT0_
FN:1928,_ZN7testing8internal7IsAlNumEc
FNDA:804,_ZN7testing8internal7IsAlNumEc
FN:2130,_ZN7testing8internal5posix5AbortEv
FNDA:0,_ZN7testing8internal5posix5AbortEv
DA:977,0
DA:1119,351
DA:1121,351
DA:1127,351
DA:1119,135
DA:1121,135
DA:1127,135
DA:1119,3
DA:1121,3
DA:1127,3
DA:1119,3
DA:1121,3
DA:1127,3
DA:1119,3
DA:1121,3
DA:1127,3
DA:1119,3
DA:1121,3
DA:1127,3
DA:1119,3
DA:1121,3
DA:1127,3
DA:1119,3
DA:1121,3
DA:1127,3
DA:1928,804
DA:1929,804
DA:2130,0
end_of_record
SF:/usr/include/c++/11/bits/basic_string.h
FN:251,_ZNSt7__cxx1112basic_stringIcSt11char_traitsIcESaIcEE16_M_construct_auxIPcEEvT_S7_St12__false_type
FNDA:0,_ZNSt7__cxx1112basic_stringIcSt11char_traitsIcESaIcEE16_M_construct_auxIPcEEvT_S7_St12__false_type
FN:271,_ZNSt7__cxx1112basic_stringIcSt11char_traitsIcESaIcEE12_M_constructIPcEEvT_S7_
FNDA:0,_ZNSt7__cxx1112basic_stringIcSt11char_traitsIcESaIcEE12_M_constructIPcEEvT_S7_
FN:6132,_ZStplIcSt11char_traitsIcESaIcEENSt7__cxx1112basic_stringIT_T0_T1_EERKS8_PKS5_
FNDA:18,_ZStplIcSt11char_traitsIcESaIcEENSt7__cxx1112basic_stringIT_T0_T1_EERKS8_PKS5_
FN:6248,_ZSteqIcSt11char_traitsIcESaIcEEbRKNSt7__cxx1112basic_stringIT_T0_T1_EEPKS5_
FNDA:108,_ZSteqIcSt11char_traitsIcESaIcEEbRKNSt7__cxx1112basic_stringIT_T0_T1_EEPKS5_
FN:6340,_ZStltIcSt11char_traitsIcESaIcEEbRKNSt7__cxx1112basic_stringIT_T0_T1_EESA_
FNDA:5952,_ZStltIcSt11char_traitsIcESaIcEEbRKNSt7__cxx1112basic_stringIT_T0_T1_EESA_
DA:251,0
DA:255,0
DA:256,0
DA:271,0
DA:274,0
DA:275,0
DA:6132,18
DA:6135,18
DA:6136,18
DA:6137,18
DA:6138,0
DA:6248,108
DA:6250,108
DA:6340,5952
DA:6343,5952
end_of_record
SF:/usr/include/c++/11/bits/stl_pair.h
FN:322,_ZNSt4pairIPSt18_Rb_tree_node_baseS1_EC2IRS1_Lb1EEEOT_RKS1_
FNDA:0,_ZNSt4pairIPSt18_Rb_tree_node_baseS1_EC2IRS1_Lb1EEEOT_RKS1_
FN:352,_ZNSt4pairIPSt18_Rb_tree_node_baseS1_EC2IRPSt13_Rb_tree_nodeINSt7__cxx1112basic_stringIcSt11char_traitsIcESaIcEEEERS1_Lb1EEEOT_OT0_
FNDA:468,_ZNSt4pairIPSt18_Rb_tree_node_baseS1_EC2IRPSt13_Rb_tree_nodeINSt7__cxx1112basic_stringIcSt11char_traitsIcESaIcEEEERS1_Lb1EEEOT_OT0_
FN:352,_ZNSt4pairISt17_Rb_tree_iteratorINSt7__cxx1112basic_stringIcSt11char_traitsIcESaIcEEEEbEC2IS7_bLb1EEEOT_OT0_
FNDA:468,_ZNSt4pairISt17_Rb_tree_iteratorINSt7__cxx1112basic_stringIcSt11char_traitsIcESaIcEEEEbEC2IS7_bLb1EEEOT_OT0_
FN:352,_ZNSt4pairISt23_Rb_tree_const_iteratorINSt7__cxx1112basic_stringIcSt11char_traitsIcESaIcEEEEbEC2IRSt17_Rb_tree_iteratorIS6_ERbLb1EEEOT_OT0_
FNDA:468,_ZNSt4pairISt23_Rb_tree_const_iteratorINSt7__cxx1112basic_stringIcSt11char_traitsIcESaIcEEEEbEC2IRSt17_Rb_tree_iteratorIS6_ERbLb1EEEOT_OT0_
FN:401,_ZNSt4pairIiiEaSEOS0_
FNDA:6,_ZNSt4pairIiiEaSEOS0_
DA:322,0
DA:323,0
DA:352,468
DA:353,468
DA:352,468
DA:353,468
DA:352,468
DA:353,468
DA:401,6
DA:408,6
DA:409,6
DA:410,6
end_of_record
SF:/usr/include/gtest/internal/gtest-param-util.h
FN:59,_ZN7testing13TestParamInfoISt5tupleIJiiiEEEC2ERKS2_m
FNDA:342,_ZN7testing13TestParamInfoISt5tupleIJiiiEEEC2ERKS2_m
FN:59,_ZN7testing13TestParamInfoISt5tupleIJiiEEEC2ERKS2_m
FNDA:126,_ZN7testing13TestParamInfoISt5tupleIJiiEEEC2ERKS2_m
FN:95,_ZN7testing8internal22ParamIteratorInterfaceISt5tupleIJiiiEEED2Ev
FNDA:360,_ZN7testing8internal22ParamIteratorInterfaceISt5tupleIJiiiEEED2Ev
FN:95,_ZN7testing8internal22ParamIteratorInterfaceISt5tupleIJiiiEEED0Ev
FNDA:0,_ZN7testing8internal22ParamIteratorInterfaceISt5tupleIJiiiEEED0Ev
FN:95,_ZN7testing8internal22ParamIteratorInterfaceISt5tupleIJiiEEED2Ev
FNDA:144,_ZN7testing8internal22ParamIteratorInterfaceISt5tupleIJiiEEED2Ev
FN:95,_ZN7testing8internal22ParamIteratorInterfaceISt5tupleIJiiEEED0Ev
FNDA:0,_ZN7testing8internal22ParamIteratorInterfaceISt5tupleIJiiEEED0Ev
FN:137,_ZNK7testing8internal13ParamIteratorISt5tupleIJiiiEEEdeEv
FNDA:1026,_ZNK7testing8internal13ParamIteratorISt5tupleIJiiiEEEdeEv
FN:137,_ZNK7testing8internal13ParamIteratorISt5tupleIJiiEEEdeEv
FNDA:378,_ZNK7testing8internal13ParamIteratorISt5tupleIJiiEEEdeEv
FN:140,_ZN7testing8internal13ParamIteratorISt5tupleIJiiiEEEppEv
FNDA:342,_ZN7testing8internal13ParamIteratorISt5tupleIJiiiEEEppEv
FN:140,_ZN7testing8internal13ParamIteratorISt5tupleIJiiEEEppEv
FNDA:126,_ZN7testing8internal13ParamIteratorISt5tupleIJiiEEEppEv
FN:150,_ZNK7testing8internal13ParamIteratorISt5tupleIJiiEEEeqERKS4_
FNDA:135,_ZNK7testing8internal13ParamIteratorISt5tupleIJiiEEEeqERKS4_
FN:150,_ZNK7testing8internal13ParamIteratorISt5tupleIJiiiEEEeqERKS4_
FNDA:351,_ZNK7testing8internal13ParamIteratorISt5tupleIJiiiEEEeqERKS4_
FN:153,_ZNK7testing8internal13ParamIteratorISt5tupleIJiiEEEneERKS4_
FNDA:135,_ZNK7testing8internal13ParamIteratorISt5tupleIJiiEEEneERKS4_
FN:153,_ZNK7testing8internal13ParamIteratorISt5tupleIJiiiEEEneERKS4_
FNDA:351,_ZNK7testing8internal13ParamIteratorISt5tupleIJiiiEEEneERKS4_
FN:159,_ZN7testing8internal13ParamIteratorISt5tupleIJiiiEEEC2EPNS0_22ParamIteratorInterfaceIS3_EE
FNDA:360,_ZN7testing8internal13ParamIteratorISt5tupleIJiiiEEEC2EPNS0_22ParamIteratorInterfaceIS3_EE
FN:159,_ZN7testing8internal13ParamIteratorISt5tupleIJiiEEEC2EPNS0_22ParamIteratorInterfaceIS3_EE
FNDA:144,_ZN7testing8internal13ParamIteratorISt5tupleIJiiEEEC2EPNS0_22ParamIteratorInterfaceIS3_EE
FN:170,_ZN7testing8internal23ParamGeneratorInterfaceISt5tupleIJiiEEED2Ev
FNDA:9,_ZN7testing8internal23ParamGeneratorInterfaceISt5tupleIJiiEEED2Ev
FN:170,_ZN7testing8internal23ParamGeneratorInterfaceISt5tupleIJiiEEED0Ev
FNDA:0,_ZN7testing8internal23ParamGeneratorInterfaceISt5tupleIJiiEEED0Ev
FN:170,_ZN7testing8internal23ParamGeneratorInterfaceISt5tupleIJiiiEEED2Ev
FNDA:9,_ZN7testing8internal23ParamGeneratorInterfaceISt5tupleIJiiiEEED2Ev
FN:170,_ZN7testing8internal23ParamGeneratorInterfaceISt5tupleIJiiiEEED0Ev
FNDA:0,_ZN7testing8internal23ParamGeneratorInterfaceISt5tupleIJiiiEEED0Ev
FN:187,_ZN7testing8internal14ParamGeneratorISt5tupleIJiiEEEC2EPNS0_23ParamGeneratorInterfaceIS3_EE
FNDA:9,_ZN7testing8internal14ParamGeneratorISt5tupleIJiiEEEC2EPNS0_23ParamGeneratorInterfaceIS3_EE
FN:187,_ZN7testing8internal14ParamGeneratorISt5tupleIJiiiEEEC2EPNS0_23ParamGeneratorInterfaceIS3_EE
FNDA:9,_ZN7testing8internal14ParamGeneratorISt5tupleIJiiiEEEC2EPNS0_23ParamGeneratorInterfaceIS3_EE
FN:195,_ZNK7testing8internal14ParamGeneratorISt5tupleIJiiEEE5beginEv
FNDA:9,_ZNK7testing8internal14ParamGeneratorISt5tupleIJiiEEE5beginEv
FN:195,_ZNK7testing8internal14ParamGeneratorISt5tupleIJiiiEEE5beginEv
FNDA:9,_ZNK7testing8internal14ParamGeneratorISt5tupleIJiiiEEE5beginEv
FN:196,_ZNK7testing8internal14ParamGeneratorISt5tupleIJiiEEE3endEv
FNDA:135,_ZNK7testing8internal14ParamGeneratorISt5tupleIJiiEEE3endEv
FN:196,_ZNK7testing8internal14ParamGeneratorISt5tupleIJiiiEEE3endEv
FNDA:351,_ZNK7testing8internal14ParamGeneratorISt5tupleIJiiiEEE3endEv
FN:295,_ZN7testing8internal30ValuesInIteratorRangeGeneratorISt5tupleIJiiEEEC2IN9__gnu_cxx17__normal_iteratorIPKS3_St6vectorIS3_SaIS3_EEEEEET_SE_
FNDA:9,_ZN7testing8internal30ValuesInIteratorRangeGeneratorISt5tupleIJiiEEEC2IN9__gnu_cxx17__normal_iteratorIPKS3_St6vectorIS3_SaIS3_EEEEEET_SE_
FN:295,_ZN7testing8internal30ValuesInIteratorRangeGeneratorISt5tupleIJiiiEEEC2IN9__gnu_cxx17__normal_iteratorIPKS3_St6vectorIS3_SaIS3_EEEEEET_SE_
FNDA:9,_ZN7testing8internal30ValuesInIteratorRangeGeneratorISt5tupleIJiiiEEEC2IN9__gnu_cxx17__normal_iteratorIPKS3_St6vectorIS3_SaIS3_EEEEEET_SE_
FN:297,_ZN7testing8internal30ValuesInIteratorRangeGeneratorISt5tupleIJiiiEEED2Ev
FNDA:9,_ZN7testing8internal30ValuesInIteratorRangeGeneratorISt5tupleIJiiiEEED2Ev
FN:297,_ZN7testing8internal30ValuesInIteratorRangeGeneratorISt5tupleIJiiiEEED0Ev
FNDA:9,_ZN7testing8internal30ValuesInIteratorRangeGeneratorISt5tupleIJiiiEEED0Ev
FN:297,_ZN7testing8internal30ValuesInIteratorRangeGeneratorISt5tupleIJiiEEED2Ev
FNDA:9,_ZN7testing8internal30ValuesInIteratorRangeGeneratorISt5tupleIJiiEEED2Ev
FN:297,_ZN7testing8internal30ValuesInIteratorRangeGeneratorISt5tupleIJiiEEED0Ev
FNDA:9,_ZN7testing8internal30ValuesInIteratorRangeGeneratorISt5tupleIJiiEEED0Ev
FN:299,_ZNK7testing8internal30ValuesInIteratorRangeGeneratorISt5tupleIJiiiEEE5BeginEv
FNDA:9,_ZNK7testing8internal30ValuesInIteratorRangeGeneratorISt5tupleIJiiiEEE5BeginEv
FN:299,_ZNK7testing8internal30ValuesInIteratorRangeGeneratorISt5tupleIJiiEEE5BeginEv
FNDA:9,_ZNK7testing8internal30ValuesInIteratorRangeGeneratorISt5tupleIJiiEEE5BeginEv
FN:302,_ZNK7testing8internal30ValuesInIteratorRangeGeneratorISt5tupleIJiiEEE3EndEv
FNDA:135,_ZNK7testing8internal30ValuesInIteratorRangeGeneratorISt5tupleIJiiEEE3EndEv
FN:302,_ZNK7testing8internal30ValuesInIteratorRangeGeneratorISt5tupleIJiiiEEE3EndEv
FNDA:351,_ZNK7testing8internal30ValuesInIteratorRangeGeneratorISt5tupleIJiiiEEE3EndEv
FN:311,_ZN7testing8internal30ValuesInIteratorRangeGeneratorISt5tupleIJiiiEEE8IteratorC2EPKNS0_23ParamGeneratorInterfaceIS3_EEN9__gnu_cxx17__normal_iteratorIPKS3_St6vectorIS3_SaIS3_EEEE
FNDA:360,_ZN7testing8internal30ValuesInIteratorRangeGeneratorISt5tupleIJiiiEEE8IteratorC2EPKNS0_23ParamGeneratorInterfaceIS3_EEN9__gnu_cxx17__normal_iteratorIPKS3_St6vectorIS3_SaIS3_EEEE
FN:311,_ZN7testing8internal30ValuesInIteratorRangeGeneratorISt5tupleIJiiEEE8IteratorC2EPKNS0_23ParamGeneratorInterfaceIS3_EEN9__gnu_cxx17__normal_iteratorIPKS3_St6vectorIS3_SaIS3_EEEE
FNDA:144,_ZN7testing8internal30ValuesInIteratorRangeGeneratorISt5tupleIJiiEEE8IteratorC2EPKNS0_23ParamGeneratorInterfaceIS3_EEN9__gnu_cxx17__normal_iteratorIPKS3_St6vectorIS3_SaIS3_EEEE
FN:314,_ZN7testing8internal30ValuesInIteratorRangeGeneratorISt5tupleIJiiiEEE8IteratorD0Ev
FNDA:360,_ZN7testing8internal30ValuesInIteratorRangeGeneratorISt5tupleIJiiiEEE8IteratorD0Ev
FN:314,_ZN7testing8internal30ValuesInIteratorRangeGeneratorISt5tupleIJiiiEEE8IteratorD2Ev
FNDA:360,_ZN7testing8internal30ValuesInIteratorRangeGeneratorISt5tupleIJiiiEEE8IteratorD2Ev
FN:314,_ZN7testing8internal30ValuesInIteratorRangeGeneratorISt5tupleIJiiEEE8IteratorD0Ev
FNDA:144,_ZN7testing8internal30ValuesInIteratorRangeGeneratorISt5tupleIJiiEEE8IteratorD0Ev
FN:314,_ZN7testing8internal30ValuesInIteratorRangeGeneratorISt5tupleIJiiEEE8IteratorD2Ev
FNDA:144,_ZN7testing8internal30ValuesInIteratorRangeGeneratorISt5tupleIJiiEEE8IteratorD2Ev
FN:316,_ZNK7testing8internal30ValuesInIteratorRangeGeneratorISt5tupleIJiiiEEE8Iterator13BaseGeneratorEv
FNDA:702,_ZNK7testing8internal30ValuesInIteratorRangeGeneratorISt5tupleIJiiiEEE8Iterator13BaseGeneratorEv
FN:316,_ZNK7testing8internal30ValuesInIteratorRangeGeneratorISt5tupleIJiiEEE8Iterator13BaseGeneratorEv
FNDA:270,_ZNK7testing8internal30ValuesInIteratorRangeGeneratorISt5tupleIJiiEEE8Iterator13BaseGeneratorEv
FN:319,_ZN7testing8internal30ValuesInIteratorRangeGeneratorISt5tupleIJiiiEEE8Iterator7AdvanceEv
FNDA:342,_ZN7testing8internal30ValuesInIteratorRangeGeneratorISt5tupleIJiiiEEE8Iterator7AdvanceEv
FN:319,_ZN7testing8internal30ValuesInIteratorRangeGeneratorISt5tupleIJiiEEE8Iterator7AdvanceEv
FNDA:126,_ZN7testing8internal30ValuesInIteratorRangeGeneratorISt5tupleIJiiEEE8Iterator7AdvanceEv
FN:323,_ZNK7testing8internal30ValuesInIteratorRangeGeneratorISt5tupleIJiiEEE8Iterator5CloneEv
FNDA:0,_ZNK7testing8internal30ValuesInIteratorRangeGeneratorISt5tupleIJiiEEE8Iterator5CloneEv
[...]
FNDA:2772,_ZSt12__get_helperILm0EPN7testing8internal22ParamIteratorInterfaceISt5tupleIJiiiEEEEJSt14default_deleteIS5_EEERKT0_RKSt11_Tuple_implIXT_EJS9_DpT1_EE
FN:1382,_ZSt12__get_helperILm0EPNSt7__cxx1112basic_stringIcSt11char_traitsIcESaIcEEEJSt14default_deleteIS5_EEERKT0_RKSt11_Tuple_implIXT_EJS9_DpT1_EE
FNDA:0,_ZSt12__get_helperILm0EPNSt7__cxx1112basic_stringIcSt11char_traitsIcESaIcEEEJSt14default_deleteIS5_EEERKT0_RKSt11_Tuple_implIXT_EJS9_DpT1_EE
FN:1382,_ZSt12__get_helperILm0EPN7testing8internal19TestMetaFactoryBaseISt5tupleIJiiiEEEEJSt14default_deleteIS5_EEERKT0_RKSt11_Tuple_implIXT_EJS9_DpT1_EE
FNDA:342,_ZSt12__get_helperILm0EPN7testing8internal19TestMetaFactoryBaseISt5tupleIJiiiEEEEJSt14default_deleteIS5_EEERKT0_RKSt11_Tuple_implIXT_EJS9_DpT1_EE
FN:1382,_ZSt12__get_helperILm0EPNSt7__cxx1118basic_stringstreamIcSt11char_traitsIcESaIcEEEJSt14default_deleteIS5_EEERKT0_RKSt11_Tuple_implIXT_EJS9_DpT1_EE
FNDA:1872,_ZSt12__get_helperILm0EPNSt7__cxx1118basic_stringstreamIcSt11char_traitsIcESaIcEEEJSt14default_deleteIS5_EEERKT0_RKSt11_Tuple_implIXT_EJS9_DpT1_EE
FN:1382,_ZSt12__get_helperILm0EPN7testing8internal22ParamIteratorInterfaceISt5tupleIJiiEEEEJSt14default_deleteIS5_EEERKT0_RKSt11_Tuple_implIXT_EJS9_DpT1_EE
FNDA:1044,_ZSt12__get_helperILm0EPN7testing8internal22ParamIteratorInterfaceISt5tupleIJiiEEEEJSt14default_deleteIS5_EEERKT0_RKSt11_Tuple_implIXT_EJS9_DpT1_EE
FN:1382,_ZSt12__get_helperILm1EiJEERKT0_RKSt11_Tuple_implIXT_EJS0_DpT1_EE
FNDA:126,_ZSt12__get_helperILm1EiJEERKT0_RKSt11_Tuple_implIXT_EJS0_DpT1_EE
FN:1393,_ZSt3getILm1EJiiEERNSt13tuple_elementIXT_ESt5tupleIJDpT0_EEE4typeERS4_
FNDA:126,_ZSt3getILm1EJiiEERNSt13tuple_elementIXT_ESt5tupleIJDpT0_EEE4typeERS4_
FN:1393,_ZSt3getILm1EJPNSt7__cxx1118basic_stringstreamIcSt11char_traitsIcESaIcEEESt14default_deleteIS5_EEERNSt13tuple_elementIXT_ESt5tupleIJDpT0_EEE4typeERSD_
FNDA:936,_ZSt3getILm1EJPNSt7__cxx1118basic_stringstreamIcSt11char_traitsIcESaIcEEESt14default_deleteIS5_EEERNSt13tuple_elementIXT_ESt5tupleIJDpT0_EEE4typeERSD_
FN:1393,_ZSt3getILm2EJiiiEERNSt13tuple_elementIXT_ESt5tupleIJDpT0_EEE4typeERS4_
FNDA:342,_ZSt3getILm2EJiiiEERNSt13tuple_elementIXT_ESt5tupleIJDpT0_EEE4typeERS4_
FN:1393,_ZSt3getILm1EJPN7testing8internal22ParamIteratorInterfaceISt5tupleIJiiiEEEESt14default_deleteIS5_EEERNSt13tuple_elementIXT_ES3_IJDpT0_EEE4typeERSC_
FNDA:360,_ZSt3getILm1EJPN7testing8internal22ParamIteratorInterfaceISt5tupleIJiiiEEEESt14default_deleteIS5_EEERNSt13tuple_elementIXT_ES3_IJDpT0_EEE4typeERSC_
FN:1393,_ZSt3getILm1EJiiiEERNSt13tuple_elementIXT_ESt5tupleIJDpT0_EEE4typeERS4_
FNDA:342,_ZSt3getILm1EJiiiEERNSt13tuple_elementIXT_ESt5tupleIJDpT0_EEE4typeERS4_
FN:1393,_ZSt3getILm0EJiiiEERNSt13tuple_elementIXT_ESt5tupleIJDpT0_EEE4typeERS4_
FNDA:342,_ZSt3getILm0EJiiiEERNSt13tuple_elementIXT_ESt5tupleIJDpT0_EEE4typeERS4_
FN:1393,_ZSt3getILm0EJPN7testing8internal22ParamIteratorInterfaceISt5tupleIJiiEEEESt14default_deleteIS5_EEERNSt13tuple_elementIXT_ES3_IJDpT0_EEE4typeERSC_
FNDA:288,_ZSt3getILm0EJPN7testing8internal22ParamIteratorInterfaceISt5tupleIJiiEEEESt14default_deleteIS5_EEERNSt13tuple_elementIXT_ES3_IJDpT0_EEE4typeERSC_
FN:1393,_ZSt3getILm0EJPN7testing8internal22ParamIteratorInterfaceISt5tupleIJiiiEEEESt14default_deleteIS5_EEERNSt13tuple_elementIXT_ES3_IJDpT0_EEE4typeERSC_
FNDA:720,_ZSt3getILm0EJPN7testing8internal22ParamIteratorInterfaceISt5tupleIJiiiEEEESt14default_deleteIS5_EEERNSt13tuple_elementIXT_ES3_IJDpT0_EEE4typeERSC_
FN:1393,_ZSt3getILm1EJPKSt5tupleIJiiiEESt14default_deleteIS2_EEERNSt13tuple_elementIXT_ES0_IJDpT0_EEE4typeERS9_
FNDA:342,_ZSt3getILm1EJPKSt5tupleIJiiiEESt14default_deleteIS2_EEERNSt13tuple_elementIXT_ES0_IJDpT0_EEE4typeERS9_
FN:1393,_ZSt3getILm0EJPN7testing8internal19TestMetaFactoryBaseISt5tupleIJiiiEEEESt14default_deleteIS5_EEERNSt13tuple_elementIXT_ES3_IJDpT0_EEE4typeERSC_
FNDA:18,_ZSt3getILm0EJPN7testing8internal19TestMetaFactoryBaseISt5tupleIJiiiEEEESt14default_deleteIS5_EEERNSt13tuple_elementIXT_ES3_IJDpT0_EEE4typeERSC_
FN:1393,_ZSt3getILm1EJPN7testing8internal22ParamIteratorInterfaceISt5tupleIJiiEEEESt14default_deleteIS5_EEERNSt13tuple_elementIXT_ES3_IJDpT0_EEE4typeERSC_
FNDA:144,_ZSt3getILm1EJPN7testing8internal22ParamIteratorInterfaceISt5tupleIJiiEEEESt14default_deleteIS5_EEERNSt13tuple_elementIXT_ES3_IJDpT0_EEE4typeERSC_
FN:1393,_ZSt3getILm0EJiiEERNSt13tuple_elementIXT_ESt5tupleIJDpT0_EEE4typeERS4_
FNDA:126,_ZSt3getILm0EJiiEERNSt13tuple_elementIXT_ESt5tupleIJDpT0_EEE4typeERS4_
FN:1393,_ZSt3getILm0EJPKSt5tupleIJiiiEESt14default_deleteIS2_EEERNSt13tuple_elementIXT_ES0_IJDpT0_EEE4typeERS9_
FNDA:1728,_ZSt3getILm0EJPKSt5tupleIJiiiEESt14default_deleteIS2_EEERNSt13tuple_elementIXT_ES0_IJDpT0_EEE4typeERS9_
FN:1393,_ZSt3getILm0EJPKSt5tupleIJiiEESt14default_deleteIS2_EEERNSt13tuple_elementIXT_ES0_IJDpT0_EEE4typeERS9_
FNDA:648,_ZSt3getILm0EJPKSt5tupleIJiiEESt14default_deleteIS2_EEERNSt13tuple_elementIXT_ES0_IJDpT0_EEE4typeERS9_
FN:1393,_ZSt3getILm0EJPN7testing8internal19TestMetaFactoryBaseISt5tupleIJiiEEEESt14default_deleteIS5_EEERNSt13tuple_elementIXT_ES3_IJDpT0_EEE4typeERSC_
FNDA:18,_ZSt3getILm0EJPN7testing8internal19TestMetaFactoryBaseISt5tupleIJiiEEEESt14default_deleteIS5_EEERNSt13tuple_elementIXT_ES3_IJDpT0_EEE4typeERSC_
FN:1393,_ZSt3getILm1EJPN7testing8internal19TestMetaFactoryBaseISt5tupleIJiiiEEEESt14default_deleteIS5_EEERNSt13tuple_elementIXT_ES3_IJDpT0_EEE4typeERSC_
FNDA:9,_ZSt3getILm1EJPN7testing8internal19TestMetaFactoryBaseISt5tupleIJiiiEEEESt14default_deleteIS5_EEERNSt13tuple_elementIXT_ES3_IJDpT0_EEE4typeERSC_
FN:1393,_ZSt3getILm1EJPNSt7__cxx1112basic_stringIcSt11char_traitsIcESaIcEEESt14default_deleteIS5_EEERNSt13tuple_elementIXT_ESt5tupleIJDpT0_EEE4typeERSD_
FNDA:0,_ZSt3getILm1EJPNSt7__cxx1112basic_stringIcSt11char_traitsIcESaIcEEESt14default_deleteIS5_EEERNSt13tuple_elementIXT_ESt5tupleIJDpT0_EEE4typeERSD_
FN:1393,_ZSt3getILm0EJPNSt7__cxx1112basic_stringIcSt11char_traitsIcESaIcEEESt14default_deleteIS5_EEERNSt13tuple_elementIXT_ESt5tupleIJDpT0_EEE4typeERSD_
FNDA:1140,_ZSt3getILm0EJPNSt7__cxx1112basic_stringIcSt11char_traitsIcESaIcEEESt14default_deleteIS5_EEERNSt13tuple_elementIXT_ESt5tupleIJDpT0_EEE4typeERSD_
FN:1393,_ZSt3getILm0EJPNSt7__cxx1118basic_stringstreamIcSt11char_traitsIcESaIcEEESt14default_deleteIS5_EEERNSt13tuple_elementIXT_ESt5tupleIJDpT0_EEE4typeERSD_
FNDA:936,_ZSt3getILm0EJPNSt7__cxx1118basic_stringstreamIcSt11char_traitsIcESaIcEEESt14default_deleteIS5_EEERNSt13tuple_elementIXT_ESt5tupleIJDpT0_EEE4typeERSD_
FN:1393,_ZSt3getILm1EJPKSt5tupleIJiiEESt14default_deleteIS2_EEERNSt13tuple_elementIXT_ES0_IJDpT0_EEE4typeERS9_
FNDA:126,_ZSt3getILm1EJPKSt5tupleIJiiEESt14default_deleteIS2_EEERNSt13tuple_elementIXT_ES0_IJDpT0_EEE4typeERS9_
FN:1393,_ZSt3getILm1EJPN7testing8internal19TestMetaFactoryBaseISt5tupleIJiiEEEESt14default_deleteIS5_EEERNSt13tuple_elementIXT_ES3_IJDpT0_EEE4typeERSC_
FNDA:9,_ZSt3getILm1EJPN7testing8internal19TestMetaFactoryBaseISt5tupleIJiiEEEESt14default_deleteIS5_EEERNSt13tuple_elementIXT_ES3_IJDpT0_EEE4typeERSC_
FN:1399,_ZSt3getILm1EJiiiEERKNSt13tuple_elementIXT_ESt5tupleIJDpT0_EEE4typeERKS4_
FNDA:342,_ZSt3getILm1EJiiiEERKNSt13tuple_elementIXT_ESt5tupleIJDpT0_EEE4typeERKS4_
FN:1399,_ZSt3getILm0EJPNSt7__cxx1118basic_stringstreamIcSt11char_traitsIcESaIcEEESt14default_deleteIS5_EEERKNSt13tuple_elementIXT_ESt5tupleIJDpT0_EEE4typeERKSD_
FNDA:1872,_ZSt3getILm0EJPNSt7__cxx1118basic_stringstreamIcSt11char_traitsIcESaIcEEESt14default_deleteIS5_EEERKNSt13tuple_elementIXT_ESt5tupleIJDpT0_EEE4typeERKSD_
FN:1399,_ZSt3getILm0EJPN7testing8internal22ParamIteratorInterfaceISt5tupleIJiiiEEEESt14default_deleteIS5_EEERKNSt13tuple_elementIXT_ES3_IJDpT0_EEE4typeERKSC_
FNDA:2772,_ZSt3getILm0EJPN7testing8internal22ParamIteratorInterfaceISt5tupleIJiiiEEEESt14default_deleteIS5_EEERKNSt13tuple_elementIXT_ES3_IJDpT0_EEE4typeERKSC_
FN:1399,_ZSt3getILm0EJPKSt5tupleIJiiiEESt14default_deleteIS2_EEERKNSt13tuple_elementIXT_ES0_IJDpT0_EEE4typeERKS9_
FNDA:2052,_ZSt3getILm0EJPKSt5tupleIJiiiEESt14default_deleteIS2_EEERKNSt13tuple_elementIXT_ES0_IJDpT0_EEE4typeERKS9_
FN:1399,_ZSt3getILm0EJPNSt7__cxx1112basic_stringIcSt11char_traitsIcESaIcEEESt14default_deleteIS5_EEERKNSt13tuple_elementIXT_ESt5tupleIJDpT0_EEE4typeERKSD_
FNDA:0,_ZSt3getILm0EJPNSt7__cxx1112basic_stringIcSt11char_traitsIcESaIcEEESt14default_deleteIS5_EEERKNSt13tuple_elementIXT_ESt5tupleIJDpT0_EEE4typeERKSD_
FN:1399,_ZSt3getILm0EJPKSt5tupleIJiiEESt14default_deleteIS2_EEERKNSt13tuple_elementIXT_ES0_IJDpT0_EEE4typeERKS9_
FNDA:756,_ZSt3getILm0EJPKSt5tupleIJiiEESt14default_deleteIS2_EEERKNSt13tuple_elementIXT_ES0_IJDpT0_EEE4typeERKS9_
FN:1399,_ZSt3getILm0EJPN7testing8internal22ParamIteratorInterfaceISt5tupleIJiiEEEESt14default_deleteIS5_EEERKNSt13tuple_elementIXT_ES3_IJDpT0_EEE4typeERKSC_
FNDA:1044,_ZSt3getILm0EJPN7testing8internal22ParamIteratorInterfaceISt5tupleIJiiEEEESt14default_deleteIS5_EEERKNSt13tuple_elementIXT_ES3_IJDpT0_EEE4typeERKSC_
FN:1399,_ZSt3getILm0EJPN7testing8internal19TestMetaFactoryBaseISt5tupleIJiiEEEESt14default_deleteIS5_EEERKNSt13tuple_elementIXT_ES3_IJDpT0_EEE4typeERKSC_
FNDA:126,_ZSt3getILm0EJPN7testing8internal19TestMetaFactoryBaseISt5tupleIJiiEEEESt14default_deleteIS5_EEERKNSt13tuple_elementIXT_ES3_IJDpT0_EEE4typeERKSC_
FN:1399,_ZSt3getILm0EJiiEERKNSt13tuple_elementIXT_ESt5tupleIJDpT0_EEE4typeERKS4_
FNDA:126,_ZSt3getILm0EJiiEERKNSt13tuple_elementIXT_ESt5tupleIJDpT0_EEE4typeERKS4_
FN:1399,_ZSt3getILm0EJiiiEERKNSt13tuple_elementIXT_ESt5tupleIJDpT0_EEE4typeERKS4_
FNDA:342,_ZSt3getILm0EJiiiEERKNSt13tuple_elementIXT_ESt5tupleIJDpT0_EEE4typeERKS4_
FN:1399,_ZSt3getILm0EJPN7testing8internal19TestMetaFactoryBaseISt5tupleIJiiiEEEESt14default_deleteIS5_EEERKNSt13tuple_elementIXT_ES3_IJDpT0_EEE4typeERKSC_
FNDA:342,_ZSt3getILm0EJPN7testing8internal19TestMetaFactoryBaseISt5tupleIJiiiEEEESt14default_deleteIS5_EEERKNSt13tuple_elementIXT_ES3_IJDpT0_EEE4typeERKSC_
FN:1399,_ZSt3getILm1EJiiEERKNSt13tuple_elementIXT_ESt5tupleIJDpT0_EEE4typeERKS4_
FNDA:126,_ZSt3getILm1EJiiEERKNSt13tuple_elementIXT_ESt5tupleIJDpT0_EEE4typeERKS4_
FN:1399,_ZSt3getILm2EJiiiEERKNSt13tuple_elementIXT_ESt5tupleIJDpT0_EEE4typeERKS4_
FNDA:342,_ZSt3getILm2EJiiiEERKNSt13tuple_elementIXT_ESt5tupleIJDpT0_EEE4typeERKS4_
FN:1605,_ZSt10make_tupleIJiiEESt5tupleIJDpNSt25__strip_reference_wrapperINSt5decayIT_E4typeEE6__typeEEEDpOS3_
FNDA:126,_ZSt10make_tupleIJiiEESt5tupleIJDpNSt25__strip_reference_wrapperINSt5decayIT_E4typeEE6__typeEEEDpOS3_
FN:1605,_ZSt10make_tupleIJN7testing8internal10ValueArrayIJSt5tupleIJiiEES4_S4_S4_S4_S4_S4_S4_S4_S4_S4_S4_S4_S4_S4_S4_S4_S4_S4_S4_S4_S4_S4_S4_S4_S4_S4_S4_S4_S4_S4_S4_S4_S4_S4_S4_S4_S4_EEEEES3_IJDpNSt25__strip_reference_wrapperINSt5decayIT_E4typeEE6__typeEEEDpOS8_
FNDA:0,_ZSt10make_tupleIJN7testing8internal10ValueArrayIJSt5tupleIJiiEES4_S4_S4_S4_S4_S4_S4_S4_S4_S4_S4_S4_S4_S4_S4_S4_S4_S4_S4_S4_S4_S4_S4_S4_S4_S4_S4_S4_S4_S4_S4_S4_S4_S4_S4_S4_S4_EEEEES3_IJDpNSt25__strip_reference_wrapperINSt5decayIT_E4typeEE6__typeEEEDpOS8_
FN:1605,_ZSt10make_tupleIJN7testing8internal10ValueArrayIJSt5tupleIJiiiEES4_S4_S4_S4_S4_S4_S4_S4_S4_S4_S4_S4_S4_S4_S4_S4_S4_S4_S4_S4_S4_S4_S4_S4_S4_S4_S4_S4_S4_S4_S4_S4_S4_S4_S4_S4_S4_EEEEES3_IJDpNSt25__strip_reference_wrapperINSt5decayIT_E4typeEE6__typeEEEDpOS8_
FNDA:0,_ZSt10make_tupleIJN7testing8internal10ValueArrayIJSt5tupleIJiiiEES4_S4_S4_S4_S4_S4_S4_S4_S4_S4_S4_S4_S4_S4_S4_S4_S4_S4_S4_S4_S4_S4_S4_S4_S4_S4_S4_S4_S4_S4_S4_S4_S4_S4_S4_S4_S4_EEEEES3_IJDpNSt25__strip_reference_wrapperINSt5decayIT_E4typeEE6__typeEEEDpOS8_
FN:1605,_ZSt10make_tupleIJiiiEESt5tupleIJDpNSt25__strip_reference_wrapperINSt5decayIT_E4typeEE6__typeEEEDpOS3_
FNDA:342,_ZSt10make_tupleIJiiiEESt5tupleIJDpNSt25__strip_reference_wrapperINSt5decayIT_E4typeEE6__typeEEEDpOS3_
FN:1605,_ZSt10make_tupleIJN7testing8internal10ValueArrayIJSt5tupleIJiiEES4_EEEEES3_IJDpNSt25__strip_reference_wrapperINSt5decayIT_E4typeEE6__typeEEEDpOS8_
FNDA:0,_ZSt10make_tupleIJN7testing8internal10ValueArrayIJSt5tupleIJiiEES4_EEEEES3_IJDpNSt25__strip_reference_wrapperINSt5decayIT_E4typeEE6__typeEEEDpOS8_
DA:80,360
DA:81,360
DA:80,144
DA:81,144
DA:80,144
DA:81,144
DA:80,360
DA:81,360
DA:80,9
DA:81,9
DA:80,9
DA:81,9
DA:124,126
DA:124,342
DA:124,360
DA:124,144
DA:124,9
DA:124,9
DA:124,0
DA:124,936
DA:189,360
DA:190,360
DA:189,144
DA:190,144
DA:189,144
DA:190,144
DA:189,360
DA:190,360
DA:189,9
DA:190,9
DA:189,9
DA:190,9
DA:199,342
DA:200,342
DA:199,468
DA:200,468
DA:199,0
DA:200,0
DA:199,0
DA:200,0
DA:199,0
DA:200,0
DA:199,468
DA:200,468
DA:233,648
DA:233,1728
DA:233,720
DA:233,288
DA:233,18
DA:233,18
DA:233,1140
DA:233,936
DA:233,342
DA:233,468
DA:233,468
DA:236,2052
DA:236,756
DA:236,468
DA:236,342
DA:236,468
DA:236,2772
DA:236,1044
DA:236,342
DA:236,126
DA:236,1872
DA:236,0
DA:268,648
DA:268,1728
DA:268,720
DA:268,288
DA:268,18
DA:268,18
DA:268,1140
DA:268,936
DA:268,342
DA:268,342
DA:268,126
DA:271,2052
DA:271,756
DA:271,342
DA:271,342
DA:271,126
DA:271,2772
DA:271,1044
DA:271,342
DA:271,126
DA:271,1872
DA:271,0
DA:279,360
DA:280,360
DA:279,144
DA:280,144
DA:279,144
DA:280,144
DA:279,360
DA:280,360
DA:279,9
DA:280,9
DA:279,9
DA:280,9
DA:290,342
DA:292,342
DA:293,342
DA:290,342
DA:292,342
DA:293,342
DA:290,126
DA:292,126
DA:293,126
DA:301,684
DA:301,684
DA:301,252
DA:424,126
DA:424,342
DA:424,360
DA:424,144
DA:424,9
DA:424,9
DA:424,0
DA:424,936
DA:424,342
DA:424,126
DA:427,342
DA:427,126
DA:430,360
DA:431,360
DA:430,144
DA:431,144
DA:430,144
DA:431,144
DA:430,360
DA:431,360
DA:430,9
DA:431,9
DA:430,9
DA:431,9
DA:440,342
DA:441,342
DA:442,342
DA:440,126
DA:441,126
DA:442,126
DA:440,0
DA:441,0
DA:442,0
DA:440,0
DA:441,0
DA:442,0
DA:440,0
DA:441,0
DA:442,0
DA:454,684
DA:456,684
DA:457,684
DA:454,252
DA:456,252
DA:457,252
DA:742,0
DA:744,0
DA:742,0
DA:744,0
DA:742,342
DA:744,342
DA:742,0
DA:744,0
DA:756,684
DA:1049,360
DA:1051,360
DA:1049,144
DA:1051,144
DA:1049,144
DA:1051,144
DA:1049,360
DA:1051,360
DA:1049,9
DA:1051,9
DA:1049,9
DA:1051,9
DA:1077,126
DA:1079,126
DA:1090,252
DA:1377,18
DA:1378,18
DA:1377,126
DA:1378,126
DA:1377,126
DA:1378,126
DA:1377,342
DA:1378,342
DA:1377,342
DA:1378,342
DA:1377,342
DA:1378,342
DA:1377,936
DA:1378,936
DA:1377,1140
DA:1378,1140
DA:1377,936
DA:1378,936
DA:1377,0
DA:1378,0
DA:1377,18
DA:1378,18
DA:1377,126
DA:1378,126
DA:1377,9
DA:1378,9
DA:1377,9
DA:1378,9
DA:1377,288
DA:1378,288
DA:1377,720
DA:1378,720
DA:1377,1728
DA:1378,1728
DA:1377,648
DA:1378,648
DA:1377,144
DA:1378,144
DA:1377,360
DA:1378,360
DA:1377,342
DA:1378,342
DA:1382,2052
DA:1383,2052
DA:1382,756
DA:1383,756
DA:1382,342
DA:1383,342
DA:1382,342
DA:1383,342
DA:1382,126
DA:1383,126
DA:1382,342
DA:1383,342
DA:1382,126
DA:1383,126
DA:1382,2772
DA:1383,2772
DA:1382,1044
DA:1383,1044
DA:1382,342
DA:1383,342
DA:1382,126
DA:1383,126
DA:1382,1872
DA:1383,1872
DA:1382,0
DA:1383,0
DA:1393,18
DA:1394,18
DA:1393,126
DA:1394,126
DA:1393,126
DA:1394,126
DA:1393,342
DA:1394,342
DA:1393,342
DA:1394,342
DA:1393,342
DA:1394,342
DA:1393,936
DA:1394,936
DA:1393,1140
DA:1394,1140
DA:1393,936
DA:1394,936
DA:1393,0
DA:1394,0
DA:1393,18
DA:1394,18
DA:1393,126
DA:1394,126
DA:1393,9
DA:1394,9
DA:1393,9
DA:1394,9
DA:1393,288
DA:1394,288
DA:1393,720
DA:1394,720
DA:1393,1728
DA:1394,1728
DA:1393,648
DA:1394,648
DA:1393,144
DA:1394,144
DA:1393,360
DA:1394,360
DA:1393,342
DA:1394,342
DA:1399,2052
DA:1400,2052
DA:1399,756
DA:1400,756
DA:1399,342
DA:1400,342
DA:1399,342
DA:1400,342
DA:1399,126
DA:1400,126
DA:1399,342
DA:1400,342
DA:1399,126
DA:1400,126
DA:1399,2772
DA:1400,2772
DA:1399,1044
DA:1400,1044
DA:1399,342
DA:1400,342
DA:1399,126
DA:1400,126
DA:1399,1872
DA:1400,1872
DA:1399,0
DA:1400,0
DA:1605,0
DA:1609,0
DA:1605,0
DA:1609,0
DA:1605,342
DA:1609,342
DA:1605,0
DA:1609,0
DA:1605,126
DA:1609,126
end_of_record
SF:/usr/include/c++/11/iostream
end_of_record
TN:KeyLimePieTest
SF:/home/jihwan/KeyLimePie/ossavltree/set.cc
FN:34,_ZN15Int_AVLtree_setC2Ev
FNDA:531,_ZN15Int_AVLtree_setC2Ev
FN:40,_ZN15Int_AVLtree_set7MinimumEi
FNDA:117,_ZN15Int_AVLtree_set7MinimumEi
FN:44,_ZN15Int_AVLtree_set7MaximumEi
FNDA:123,_ZN15Int_AVLtree_set7MaximumEi
FN:48,_ZN15Int_AVLtree_set4FindEi
FNDA:132,_ZN15Int_AVLtree_set4FindEi
FN:52,_ZN15Int_AVLtree_set6InsertEi
FNDA:17691,_ZN15Int_AVLtree_set6InsertEi
FN:56,_ZN15Int_AVLtree_set4RankEi
FNDA:126,_ZN15Int_AVLtree_set4RankEi
FN:60,_ZN15Int_AVLtree_set5EraseEi
FNDA:120,_ZN15Int_AVLtree_set5EraseEi
FN:64,_ZN15Int_AVLtree_set5EmptyEv
FNDA:6,_ZN15Int_AVLtree_set5EmptyEv
FN:68,_ZN15Int_AVLtree_set4SizeEv
FNDA:12,_ZN15Int_AVLtree_set4SizeEv
DA:34,531
DA:36,531
DA:37,531
DA:38,531
DA:40,117
DA:42,117
DA:44,123
DA:46,123
DA:48,132
DA:50,132
DA:52,17691
DA:54,17691
DA:56,126
DA:58,126
DA:60,120
DA:62,120
DA:64,6
DA:66,6
DA:68,12
DA:70,12
end_of_record
SF:/usr/include/c++/11/iostream
end_of_record
SF:/home/jihwan/KeyLimePie/ossavltree/set.h
end_of_record
TN:KeyLimePieTest
SF:/home/jihwan/KeyLimePie/ossavltree/node.cc
FN:34,_ZN16Int_node_creator10CreateNodeEi
FNDA:17691,_ZN16Int_node_creator10CreateNodeEi
FN:39,_ZN24AVLtree_Int_node_creator8Get_NodeEi
FNDA:17691,_ZN24AVLtree_Int_node_creator8Get_NodeEi
DA:34,17691
DA:36,17691
DA:39,17691
DA:41,17691
end_of_record
SF:/usr/include/c++/11/iostream
end_of_record
SF:/home/jihwan/KeyLimePie/ossavltree/node.h
FN:45,_ZN8Int_NodeC2Ei
FNDA:17691,_ZN8Int_NodeC2Ei
FN:57,_ZN16Int_AVLtree_NodeC2Ei
FNDA:17691,_ZN16Int_AVLtree_NodeC2Ei
DA:45,17691
DA:57,17691
end_of_record
TN:KeyLimePieTest
SF:/home/jihwan/KeyLimePie/ossavltree/data_structure.h
FN:69,_ZN11Int_AVLtree7getRootEv
FNDA:0,_ZN11Int_AVLtree7getRootEv
FN:70,_ZN11Int_AVLtree7setRootEP16Int_AVLtree_Node
FNDA:0,_ZN11Int_AVLtree7setRootEP16Int_AVLtree_Node
FN:71,_ZN11Int_AVLtree11getNode_numEv
FNDA:0,_ZN11Int_AVLtree11getNode_numEv
FN:72,_ZN11Int_AVLtree11setNode_numEi
FNDA:0,_ZN11Int_AVLtree11setNode_numEi
DA:69,0
DA:70,0
DA:71,0
DA:72,0
end_of_record
SF:/home/jihwan/KeyLimePie/ossavltree/node.h
FN:46,_ZN8Int_Node7setKey_Ei
FNDA:39,_ZN8Int_Node7setKey_Ei
FN:47,_ZN8Int_Node7getKey_Ev
FNDA:0,_ZN8Int_Node7getKey_Ev
FN:58,_ZN16Int_AVLtree_Node13setLeft_childEPS_
FNDA:0,_ZN16Int_AVLtree_Node13setLeft_childEPS_
FN:59,_ZN16Int_AVLtree_Node13getLeft_childEv
FNDA:0,_ZN16Int_AVLtree_Node13getLeft_childEv
FN:60,_ZN16Int_AVLtree_Node14setRight_childEPS_
FNDA:0,_ZN16Int_AVLtree_Node14setRight_childEPS_
FN:61,_ZN16Int_AVLtree_Node14getRight_childEv
FNDA:0,_ZN16Int_AVLtree_Node14getRight_childEv
FN:62,_ZN16Int_AVLtree_Node14setParent_nodeEPS_
FNDA:0,_ZN16Int_AVLtree_Node14setParent_nodeEPS_
FN:63,_ZN16Int_AVLtree_Node14getParent_nodeEv
FNDA:0,_ZN16Int_AVLtree_Node14getParent_nodeEv
DA:46,39
DA:47,0
DA:58,0
DA:59,0
DA:60,0
DA:61,0
DA:62,0
DA:63,0
end_of_record
SF:/usr/include/c++/11/iostream
end_of_record
SF:/home/jihwan/KeyLimePie/ossavltree/erase.cc
FN:35,_ZN11Int_AVLtree5EraseEi
FNDA:120,_ZN11Int_AVLtree5EraseEi
DA:35,120
DA:37,120
DA:39,120
DA:41,3
DA:44,117
DA:46,117
DA:49,117
DA:51,66
DA:53,51
DA:55,9
DA:57,42
DA:59,3
DA:63,39
DA:65,90
DA:67,51
DA:70,39
DA:71,39
DA:72,39
DA:73,39
DA:76,117
DA:78,117
DA:80,6
DA:81,6
DA:83,0
DA:86,111
DA:88,66
DA:89,66
DA:91,15
DA:96,45
DA:97,45
DA:99,6
DA:102,117
DA:103,117
DA:104,117
DA:105,117
DA:106,117
DA:108,117
end_of_record
TN:KeyLimePieTest
SF:/usr/include/c++/11/bits/stl_pair.h
FN:352,_ZNSt4pairIiiEC2IRiS2_Lb1EEEOT_OT0_
FNDA:126,_ZNSt4pairIiiEC2IRiS2_Lb1EEEOT_OT0_
FN:352,_ZNSt4pairIiiEC2IiiLb1EEEOT_OT0_
FNDA:0,_ZNSt4pairIiiEC2IiiLb1EEEOT_OT0_
DA:352,126
DA:353,126
DA:352,0
DA:353,0
end_of_record
SF:/home/jihwan/KeyLimePie/ossavltree/data_structure.h
FN:69,_ZN11Int_AVLtree7getRootEv
FNDA:0,_ZN11Int_AVLtree7getRootEv
DA:69,0
end_of_record
SF:/usr/include/c++/11/bits/move.h
FN:77,_ZSt7forwardIRiEOT_RNSt16remove_referenceIS1_E4typeE
FNDA:0,_ZSt7forwardIRiEOT_RNSt16remove_referenceIS1_E4typeE
FN:77,_ZSt7forwardIiEOT_RNSt16remove_referenceIS0_E4typeE
FNDA:0,_ZSt7forwardIiEOT_RNSt16remove_referenceIS0_E4typeE
DA:77,0
DA:78,0
DA:77,0
DA:78,0
end_of_record
SF:/usr/include/c++/11/iostream
end_of_record
SF:/home/jihwan/KeyLimePie/ossavltree/rank.cc
FN:34,_ZN11Int_AVLtree4RankEi
FNDA:126,_ZN11Int_AVLtree4RankEi
DA:34,126
DA:36,126
DA:37,126
DA:39,0
DA:41,126
DA:42,126
DA:43,126
end_of_record
